C5MGG2	ctp:CTRG_05155
C5MHQ0	ctp:CTRG_05593
C5MER9	ctp:CTRG_04562
C5MJA0	ctp:CTRG_06143
C5MDF5	ctp:CTRG_04256
C5MH19	ctp:CTRG_05373
C5MBI8	ctp:CTRG_03430
C5M298	ctp:CTRG_00187
C5MA70	ctp:CTRG_02382
C5M8J3	ctp:CTRG_02715
C5MIT3	ctp:CTRG_05976
C5MD01	ctp:CTRG_04102
C5MEK3	ctp:CTRG_04496
C5MBT1	ctp:CTRG_03523
C5M445	ctp:CTRG_00834
C5MDV5	ctp:CTRG_03857
C5M7S0	ctp:CTRG_01902
C5M491	ctp:CTRG_00880
C5MHB7	ctp:CTRG_05471
C5MJL0	ctp:CTRG_06253
C5M2M8	ctp:CTRG_00317
C5MDA2	ctp:CTRG_04203
C5M6T3	ctp:CTRG_01564
C5MBA9	ctp:CTRG_03351
C5MCM5	ctp:CTRG_03976
C5M4B0	ctp:CTRG_00900
C5M2X9	ctp:CTRG_00418
C5MIH0	ctp:CTRG_05863
C5M340	ctp:CTRG_00479
C5MD65	ctp:CTRG_04166
C5M6C1	ctp:CTRG_01402
C5M785	ctp:CTRG_01717
C5M7B3	ctp:CTRG_01745
C5M350	ctp:CTRG_00489
C5MBB5	ctp:CTRG_03357
C5M383	ctp:CTRG_00522
C5MCF6	ctp:CTRG_03907
C5MGV5	ctp:CTRG_05309
C5M7T5	ctp:CTRG_02457
C5M2U9	ctp:CTRG_00388
C5M722	ctp:CTRG_01654
C5M8C0	ctp:CTRG_02642
C5MI57	ctp:CTRG_05750
C5MI70	ctp:CTRG_05763
C5M5E0	ctp:CTRG_02118
C5ME53	ctp:CTRG_04345
C5M338	ctp:CTRG_00477
C5MD21	ctp:CTRG_04122
C5MBT9	ctp:CTRG_03531
C5MG45	ctp:CTRG_05038
C5M9V7	ctp:CTRG_02269
C5M8H4	ctp:CTRG_02696
C5MAM4	ctp:CTRG_03116
C5M8U6	ctp:CTRG_02818
C5M4I7	ctp:CTRG_00977
C5MFH6	ctp:CTRG_04819
C5MFY0	ctp:CTRG_04973
C5MGC6	ctp:CTRG_05119
C5MDN5	ctp:CTRG_03787
C5M832	ctp:CTRG_02554
C5ME25	ctp:CTRG_04317
C5M3F6	ctp:CTRG_00595
C5M9J9	ctp:CTRG_02161
C5M4B4	ctp:CTRG_00904
C5MH56	ctp:CTRG_05410
C5MHY7	ctp:CTRG_05680
C5MI27	ctp:CTRG_05720
C5MGE2	ctp:CTRG_05135
C5M3C8	ctp:CTRG_00567
C5MDR7	ctp:CTRG_03819
C5M7X9	ctp:CTRG_02501
C5MB72	ctp:CTRG_03314
C5MIY6	ctp:CTRG_06029
C5M6I1	ctp:CTRG_01462
C5MGB4	ctp:CTRG_05107
C5M5I8	ctp:CTRG_01118
C5MCT5	ctp:CTRG_04036
C5MDB4	ctp:CTRG_04215
C5MCH7	ctp:CTRG_03928
C5MEA3	ctp:CTRG_04395
C5M3W0	ctp:CTRG_00749
K3Z4R4	sita:101754852
C5M4I3	ctp:CTRG_00973
C5MA29	ctp:CTRG_02341
C5MB98	ctp:CTRG_03340
B9WG04	cdu:CD36_42960
C5M800	ctp:CTRG_02522
C5M5Q0	ctp:CTRG_01180
C5ME75	ctp:CTRG_04367
C5M9E5	ctp:CTRG_03017
C5M3D7	ctp:CTRG_00576
C5M545	ctp:CTRG_02023
C5MG73	ctp:CTRG_05066
C5MFJ6	ctp:CTRG_04839
C5M626	ctp:CTRG_01307
C5M4G3	ctp:CTRG_00953
C5M4V4	ctp:CTRG_01932
C5MEY5	ctp:CTRG_04628
C5M3J5	ctp:CTRG_00634
C5M8N8	ctp:CTRG_02760
C5M7H2	ctp:CTRG_01804
C5M9S6	ctp:CTRG_02238
C5MF49	ctp:CTRG_04692
C5MBM1	ctp:CTRG_03463
C5M861	ctp:CTRG_02583
C5M576	ctp:CTRG_02054
C5M873	ctp:CTRG_02595
C5M9B7	ctp:CTRG_02989
B9WIN3	cdu:CD36_61740
C5M6G0	ctp:CTRG_01441
C5M3L3	ctp:CTRG_00652
C5M7M4	ctp:CTRG_01856
C5MB95	ctp:CTRG_03337
C5M401	ctp:CTRG_00790
C5MEP1	ctp:CTRG_04534
C5M4P5	ctp:CTRG_01035
C5M937	ctp:CTRG_02909
C5MBZ3	ctp:CTRG_03585
C5M8S0	ctp:CTRG_02792
C5M8E7	ctp:CTRG_02669
C5M345	ctp:CTRG_00484
C5M7M1	ctp:CTRG_01853
C5MIW5	ctp:CTRG_06008
C5MBW0	ctp:CTRG_03552
C5MF53	ctp:CTRG_04696
C5M457	ctp:CTRG_00846
C5ME92	ctp:CTRG_04384
C5M2S7	ctp:CTRG_00366
C5M922	ctp:CTRG_02894
C5MAT6	ctp:CTRG_03178
C5M558	ctp:CTRG_02036
C5MC79	ctp:CTRG_03671
C5MHF0	ctp:CTRG_05504
C5MHD0	ctp:CTRG_05484
C5MIQ6	ctp:CTRG_05949
C5MHC5	ctp:CTRG_05479
C5MDI6	ctp:CTRG_03738
C5MD45	ctp:CTRG_04146
C5M3Q5	ctp:CTRG_00694
C5MFI8	ctp:CTRG_04831
C5MGR5	ctp:CTRG_05269
C5M436	ctp:CTRG_00825
C5M7A2	ctp:CTRG_01734
C5MHT3	ctp:CTRG_05626
C5MEI6	ctp:CTRG_04479
C5M634	ctp:CTRG_01315
C5M5Z7	ctp:CTRG_01278
C5MGN7	ctp:CTRG_05241
C5MEJ7	ctp:CTRG_04490
C5MAV4	ctp:CTRG_03196
C5M2F5	ctp:CTRG_00244
C5MJG3	ctp:CTRG_06206
C5MI21	ctp:CTRG_05714
C5MEG3	ctp:CTRG_04456
C5M6E8	ctp:CTRG_01429
C5MHX5	ctp:CTRG_05668
C5M3H9	ctp:CTRG_00618
C5MCQ5	ctp:CTRG_04006
C5M9Z6	ctp:CTRG_02308
C5MAM2	ctp:CTRG_03114
C5MIX3	ctp:CTRG_06016
C5MCI6	ctp:CTRG_03937
C5MBX0	ctp:CTRG_03562
C5MHW8	ctp:CTRG_05661
C5M8C4	ctp:CTRG_02646
C5MEL9	ctp:CTRG_04512
C5M9X3	ctp:CTRG_02285
C5M896	ctp:CTRG_02618
C5MA62	ctp:CTRG_02374
C5MB55	ctp:CTRG_03297
C5MHJ7	ctp:CTRG_05551
C5M827	ctp:CTRG_02549
C5MAP3	ctp:CTRG_03135
C5MCS6	ctp:CTRG_04027
C5MBN1	ctp:CTRG_03473
C5M390	ctp:CTRG_00529
C5MHH8	ctp:CTRG_05532
C5M5B4	ctp:CTRG_02092
C5MGN3	ctp:CTRG_05226
C5MFA5	ctp:CTRG_04748
C5MGS3	ctp:CTRG_05277
C5M372	ctp:CTRG_00511
C5M3R9	ctp:CTRG_00708
C5M420	ctp:CTRG_00809
C5MGV2	ctp:CTRG_05306
C5M887	ctp:CTRG_02609
C5M328	ctp:CTRG_00467
C5MEN7	ctp:CTRG_04530
C5M850	ctp:CTRG_02572
C5MD68	ctp:CTRG_04169
C5M9L6	ctp:CTRG_02178
C5M9C7	ctp:CTRG_02999
K3ZWQ8	sita:101776278
K3XK25	sita:101765161
C5MD93	ctp:CTRG_04194
C5M3L7	ctp:CTRG_00656
C5M261	ctp:CTRG_00150
C5MF88	ctp:CTRG_04731
C5MBK2	ctp:CTRG_03444
C5MCZ8	ctp:CTRG_04099
C5M4L7	ctp:CTRG_01007
C5MA42	ctp:CTRG_02354
C5M5V8	ctp:CTRG_01239
C5MB10	ctp:CTRG_03252
C5MFC3	ctp:CTRG_04766
C5M4G1	ctp:CTRG_00951
C5MA50	ctp:CTRG_02362
C5MBH3	ctp:CTRG_03415
C5M659	ctp:CTRG_01340
C5MAT9	ctp:CTRG_03181
K3YMV4	sita:101754126
C5MCJ1	ctp:CTRG_03942
C5M267	ctp:CTRG_00156
C5M6R3	ctp:CTRG_01544
C5MFL8	ctp:CTRG_04861
C5MBP5	ctp:CTRG_03487
C5MDG6	ctp:CTRG_04267
C5MGH6	ctp:CTRG_05169
K4AGT3	sita:101768660
C5MJD0	ctp:CTRG_06173
C5MH24	ctp:CTRG_05378
C5MIU5	ctp:CTRG_05988
C5MAY4	ctp:CTRG_03226
C5MCZ0	ctp:CTRG_04091
C5MB58	ctp:CTRG_03300
K4AD00	sita:101772028
C5M9Y7	ctp:CTRG_02299
C5MCB4	ctp:CTRG_03706
C5MGY4	ctp:CTRG_05338
C5MH43	ctp:CTRG_05397
C5ME14	ctp:CTRG_04306
C5M1W4	ctp:CTRG_00053
C5M317	ctp:CTRG_00456
K4AED9	sita:101766913
C5MJ51	ctp:CTRG_06094
C5M9U3	ctp:CTRG_02255
C5MIV1	ctp:CTRG_05994
C5MHP2	ctp:CTRG_05585
C5MGI6	ctp:CTRG_05179
C5MF93	ctp:CTRG_04736
C5MHI5	ctp:CTRG_05539
C5MC70	ctp:CTRG_03662
C5MA05	ctp:CTRG_02317
C5M9V1	ctp:CTRG_02263
C5MB25	ctp:CTRG_03267
C5M8X5	ctp:CTRG_02847
C5M3G9	ctp:CTRG_00608
C5MG95	ctp:CTRG_05088
C5MAC2	ctp:CTRG_02434
C5MG99	ctp:CTRG_05092
C5MIU0	ctp:CTRG_05983
C5MDX1	ctp:CTRG_03873
C5MI66	ctp:CTRG_05759
C5MAG4	ctp:CTRG_03056
C5M9U5	ctp:CTRG_02257
C5MC62	ctp:CTRG_03654
C5X3F2	sbi:SORBI_02g040970
Q59P43	cal:CaO19.12948
Q59P43	cal:CaO19.5493
K3Z6X7	sita:101771448
C5MC38	ctp:CTRG_03630
C5MHA5	ctp:CTRG_05459
K4AFP8	sita:101771459
K7VHQ0	zma:103639585
C5M5Y1	ctp:CTRG_01262
K3YCZ8	sita:101777948
C5M1R6	ctp:CTRG_00005
C5M2H0	ctp:CTRG_00259
C5M3K3	ctp:CTRG_00642
C5MD03	ctp:CTRG_04104
C5MH90	ctp:CTRG_05444
C5ME88	ctp:CTRG_04380
C5M7I1	ctp:CTRG_01813
C5MBI2	ctp:CTRG_03424
C5M5T8	ctp:CTRG_01218
C5MHV3	ctp:CTRG_05646
C5MJH3	ctp:CTRG_06216
C5MEW9	ctp:CTRG_04612
C5MC51	ctp:CTRG_03643
C5MB23	ctp:CTRG_03265
C5M2Q6	ctp:CTRG_00345
C5M6H2	ctp:CTRG_01453
C5M5E5	ctp:CTRG_02123
C5M7Y6	ctp:CTRG_02508
C5MJL2	ctp:CTRG_06255
C5MAK7	ctp:CTRG_03099
C5MJL1	ctp:CTRG_06254
K4AFL9	sita:101756215
C5MCX3	ctp:CTRG_04074
C5MJI4	ctp:CTRG_06227
C5M9M4	ctp:CTRG_02186
C5M3A0	ctp:CTRG_00539
C5M839	ctp:CTRG_02561
C5MBS1	ctp:CTRG_03513
C5MCJ8	ctp:CTRG_03949
C5M5U9	ctp:CTRG_01230
C5MJK0	ctp:CTRG_06243
C5M995	ctp:CTRG_02967
C5MB60	ctp:CTRG_03302
C5MF99	ctp:CTRG_04742
C5MDW9	ctp:CTRG_03871
C5MGF2	ctp:CTRG_05145
C5M8F6	ctp:CTRG_02678
C5M3X1	ctp:CTRG_00760
C5M8Z9	ctp:CTRG_02871
C5M588	ctp:CTRG_02066
C5M593	ctp:CTRG_02071
C5MAN7	ctp:CTRG_03129
C5M550	ctp:CTRG_02028
C5MHE1	ctp:CTRG_05495
C5MD51	ctp:CTRG_04152
C5MCK2	ctp:CTRG_03953
C5MHA9	ctp:CTRG_05463
C5M890	ctp:CTRG_02612
C5MH78	ctp:CTRG_05432
C5MCY7	ctp:CTRG_04088
C5M2J7	ctp:CTRG_00286
C5M8Y4	ctp:CTRG_02856
C5M3B7	ctp:CTRG_00556
C5M9V2	ctp:CTRG_02264
C5M811	ctp:CTRG_02533
C5M2R6	ctp:CTRG_00355
C5MHE4	ctp:CTRG_05498
C5M9M0	ctp:CTRG_02182
C5MH84	ctp:CTRG_05438
C5M9L7	ctp:CTRG_02179
C5M8I4	ctp:CTRG_02706
C5M8I1	ctp:CTRG_02703
C5MIS6	ctp:CTRG_05969
C5MHB2	ctp:CTRG_05466
C5M3G7	ctp:CTRG_00606
C5MIE5	ctp:CTRG_05838
C5M3L2	ctp:CTRG_00651
C5MGU6	ctp:CTRG_05300
C5MH01	ctp:CTRG_05355
C5M3K1	ctp:CTRG_00640
C5MB51	ctp:CTRG_03293
C5M2G5	ctp:CTRG_00254
C5M8H8	ctp:CTRG_02700
C5M4Y7	ctp:CTRG_01965
C5MBC5	ctp:CTRG_03367
C5MBT3	ctp:CTRG_03525
C5MEM2	ctp:CTRG_04515
C5M3V2	ctp:CTRG_00741
C5MGE9	ctp:CTRG_05142
C5M806	ctp:CTRG_02528
C5MAU0	ctp:CTRG_03182
C5MF51	ctp:CTRG_04694
C5MFJ2	ctp:CTRG_04835
C5MFA1	ctp:CTRG_04744
C5M802	ctp:CTRG_02524
C5MFU8	ctp:CTRG_04941
C5M1Z5	ctp:CTRG_00084
C5M9W8	ctp:CTRG_02280
C5MIV5	ctp:CTRG_05998
C5MBD1	ctp:CTRG_03373
C5M4P9	ctp:CTRG_01039
C5MBD5	ctp:CTRG_03377
C5MB65	ctp:CTRG_03307
C5MB67	ctp:CTRG_03309
C5M5T2	ctp:CTRG_01212
C5M994	ctp:CTRG_02966
C5M2Y3	ctp:CTRG_00422
C5MGK7	ctp:CTRG_05200
C5MAZ4	ctp:CTRG_03236
C5ME66	ctp:CTRG_04358
C5M986	ctp:CTRG_02958
C5MAF0	ctp:CTRG_03042
C5M8R2	ctp:CTRG_02784
C5M7Y8	ctp:CTRG_02510
C5MCG3	ctp:CTRG_03914
C5M2Q1	ctp:CTRG_00340
C5MH87	ctp:CTRG_05441
C5MDW8	ctp:CTRG_03870
C5M211	ctp:CTRG_00100
C5MA14	ctp:CTRG_02326
C5MIV3	ctp:CTRG_05996
C5M8Y0	ctp:CTRG_02852
C5MD92	ctp:CTRG_04193
C5M1V4	ctp:CTRG_00043
C5M271	ctp:CTRG_00160
C5M830	ctp:CTRG_02552
C5M6C8	ctp:CTRG_01409
C5M6C8	ctp:CTRG_01413
C5MFV6	ctp:CTRG_04949
C5M4F1	ctp:CTRG_00941
C5MDS2	ctp:CTRG_03824
C5M5T1	ctp:CTRG_01211
B9WLV3	cdu:CD36_30500
C5M3E6	ctp:CTRG_00585
C5MAE2	ctp:CTRG_03034
C5M8I7	ctp:CTRG_02709
C5MIP0	ctp:CTRG_05933
C5MI67	ctp:CTRG_05760
C5MHY3	ctp:CTRG_05676
C5M925	ctp:CTRG_02897
C5MIS7	ctp:CTRG_05970
C5M9W7	ctp:CTRG_02279
C5MC42	ctp:CTRG_03634
C5M6S4	ctp:CTRG_01555
C5MFT7	ctp:CTRG_04930
C5MD87	ctp:CTRG_04188
C5M5U3	ctp:CTRG_01224
C5MJ39	ctp:CTRG_06082
C5ME67	ctp:CTRG_04359
C5MJ36	ctp:CTRG_06079
C5M6W2	ctp:CTRG_01593
C5M5N8	ctp:CTRG_01168
C5MIP2	ctp:CTRG_05935
C5M3G2	ctp:CTRG_00601
C5M671	ctp:CTRG_01352
C5MD36	ctp:CTRG_04137
C5M4U7	ctp:CTRG_01925
C5MBT4	ctp:CTRG_03526
C5MHG9	ctp:CTRG_05523
C5MF42	ctp:CTRG_04685
C5MB48	ctp:CTRG_03290
C5M3B2	ctp:CTRG_00551
C5MC85	ctp:CTRG_03677
C5MJ56	ctp:CTRG_06099
C5MFZ2	ctp:CTRG_04985
C5M8H6	ctp:CTRG_02698
C5M4G8	ctp:CTRG_00958
C5M4A0	ctp:CTRG_00890
C5MIV4	ctp:CTRG_05997
C5MHC7	ctp:CTRG_05481
C5M2P7	ctp:CTRG_00336
A5E5J5	lel:LELG_04884
C5MGZ2	ctp:CTRG_05346
C5MD30	ctp:CTRG_04131
C5MC89	ctp:CTRG_03681
C5M8W6	ctp:CTRG_02838
C5M5N4	ctp:CTRG_01164
C5MH66	ctp:CTRG_05420
C5MBT5	ctp:CTRG_03527
C5M677	ctp:CTRG_01358
C5M3W5	ctp:CTRG_00754
C5MHC1	ctp:CTRG_05475
C5MHL0	ctp:CTRG_05564
C5MJA9	ctp:CTRG_06152
C5M555	ctp:CTRG_02033
C5M9W9	ctp:CTRG_02281
C5M5U1	ctp:CTRG_01222
C5MHM5	ctp:CTRG_05568
C5M4P8	ctp:CTRG_01038
C5MDP6	ctp:CTRG_03798
C5M206	ctp:CTRG_00095
C5M2Y5	ctp:CTRG_00424
C5ME38	ctp:CTRG_04330
C5M648	ctp:CTRG_01329
C5MJ38	ctp:CTRG_06081
C5MJH7	ctp:CTRG_06220
C5MFV5	ctp:CTRG_04948
C5M7Z1	ctp:CTRG_02513
C5M893	ctp:CTRG_02615
C5MCL0	ctp:CTRG_03961
C5MJ41	ctp:CTRG_06084
C5MIN9	ctp:CTRG_05932
C5M454	ctp:CTRG_00843
C5M9T3	ctp:CTRG_02245
C5MHC3	ctp:CTRG_05477
C5MA58	ctp:CTRG_02370
C5M481	ctp:CTRG_00870
C5MGF5	ctp:CTRG_05148
C5M9C4	ctp:CTRG_02996
C5M675	ctp:CTRG_01356
C5MGF1	ctp:CTRG_05144
C5M3K2	ctp:CTRG_00641
C5M8X9	ctp:CTRG_02851
C5MCI1	ctp:CTRG_03932
C5MJB5	ctp:CTRG_06158
C5MCW6	ctp:CTRG_04067
C5M209	ctp:CTRG_00098
C5M209	ctp:CTRG_00108
C5M9Y1	ctp:CTRG_02293
C5MC83	ctp:CTRG_03675
C5M302	ctp:CTRG_00441
C5M900	ctp:CTRG_02872
C5MAW3	ctp:CTRG_03205
C5M653	ctp:CTRG_01334
C5MBN9	ctp:CTRG_03481
C5M4A2	ctp:CTRG_00892
C5MA51	ctp:CTRG_02363
K3XUS6	sita:101775958
C5M996	ctp:CTRG_02968
C5MA97	ctp:CTRG_02409
C5M8Y1	ctp:CTRG_02853
C5MIP1	ctp:CTRG_05934
C5MGG9	ctp:CTRG_05162
K3ZA87	sita:101753623
C5MEP7	ctp:CTRG_04540
K3XHS1	sita:106804318
C5MB56	ctp:CTRG_03298
C5MFI2	ctp:CTRG_04825
C5MDP5	ctp:CTRG_03797
K4A833	sita:101769727
C5MD86	ctp:CTRG_04187
K3YSZ3	sita:101758685
C5M9K7	ctp:CTRG_02169
C5M8E8	ctp:CTRG_02670
C5MIZ4	ctp:CTRG_06037
C5MFI9	ctp:CTRG_04832
C5MB57	ctp:CTRG_03299
C5M3J9	ctp:CTRG_00638
C5MJK8	ctp:CTRG_06251
K3YSW5	sita:101753287
C5M4Q1	ctp:CTRG_01041
C5MBN0	ctp:CTRG_03472
C5MH41	ctp:CTRG_05395
C5M854	ctp:CTRG_02576
C5M801	ctp:CTRG_02523
K3YQ87	sita:101757740
B9WCA8	cdu:CD36_22510
K3Z4P8	sita:101756317
Q8VWJ6	osa:4347994
C5MFA2	ctp:CTRG_04745
A5DUL2	lel:LELG_01048
K3YQH7	sita:101752887
K3YQE5	sita:105914643
C5M5S5	ctp:CTRG_01205
C5M9A0	ctp:CTRG_02972
C5M6F9	ctp:CTRG_01440
C5MI58	ctp:CTRG_05751
C5M863	ctp:CTRG_02585
Q653F6	osa:4341893
C5MJ58	ctp:CTRG_06101
C5MGB3	ctp:CTRG_05106
K3YHJ6	sita:101756283
K3YMD5	sita:101760209
K4A4U0	sita:101760538
C5MD54	ctp:CTRG_04155
C5M8T2	ctp:CTRG_02804
A5DCX1	pgu:PGUG_01126
C5M4W3	ctp:CTRG_01941
C5M920	ctp:CTRG_02892
C5ME93	ctp:CTRG_04385
C5M9M6	ctp:CTRG_02188
C5MFZ1	ctp:CTRG_04984
C5M6Z8	ctp:CTRG_01629
C5M8W8	ctp:CTRG_02840
K3XVZ8	sita:101753798
C5M997	ctp:CTRG_02969
C5M2E4	ctp:CTRG_00233
C5M6N2	ctp:CTRG_01513
K3Y871	sita:101770781
K3ZIT8	sita:101772107
K3ZXY0	sita:101769957
C5ME16	ctp:CTRG_04308
K3Z3I7	sita:101767419
K3XHJ2	sita:101765840
K3ZQU5	sita:101775199
K3Z090	sita:101756665
B7ZZR3	zma:100193407
K3Y4R8	sita:101768463
K4A4U3	sita:101768779
K3Z7C7	sita:101777816
K3Y0A9	sita:101772020
C5M8H7	ctp:CTRG_02699
C5MJ40	ctp:CTRG_06083
C5M4U5	ctp:CTRG_01923
C5M4I6	ctp:CTRG_00976
C5MG59	ctp:CTRG_05052
C5MCQ1	ctp:CTRG_04002
K3XWE2	sita:101780677
J3MBN1	obr:102716043
C5MG78	ctp:CTRG_05071
A5E208	lel:LELG_03645
C5M9R7	ctp:CTRG_02229
C5M5P0	ctp:CTRG_01170
C5M4H8	ctp:CTRG_00968
C5M2J1	ctp:CTRG_00280
C5M4U8	ctp:CTRG_01926
C5M3G1	ctp:CTRG_00600
A5DDX9	pgu:PGUG_01480
C5MCZ7	ctp:CTRG_04098
C5M9A8	ctp:CTRG_02980
C5MDX0	ctp:CTRG_03872
C5MDN9	ctp:CTRG_03791
C5M9Q0	ctp:CTRG_02212
C5M2I9	ctp:CTRG_00278
K4A7N6	sita:101781346
K3Z5V3	sita:101772392
C5MAW6	ctp:CTRG_03208
K3YV35	sita:101764910
C5M5T4	ctp:CTRG_01214
C5ME50	ctp:CTRG_04342
K3YCI3	sita:101774143
K3XDQ9	sita:101774217
A5DWE2	lel:LELG_03447
A5DWE2	lel:LELG_01678
C5M9L4	ctp:CTRG_02176
K3ZTY4	sita:101767143
C5MA25	ctp:CTRG_02337
K3ZVH7	sita:101777928
C5MAR0	ctp:CTRG_03152
C5MIB8	ctp:CTRG_05811
I1I815	bdi:100822352
K4A593	sita:101762554
K3Z566	sita:101783340
C5MID0	ctp:CTRG_05823
C5MCW2	ctp:CTRG_04063
C5MI44	ctp:CTRG_05737
C5MGT1	ctp:CTRG_05285
C5MBT6	ctp:CTRG_03528
C5MAW2	ctp:CTRG_03204
G3AI68	spaa:SPAPADRAFT_59805
C5M975	ctp:CTRG_02947
C5M2R5	ctp:CTRG_00354
C5M3P5	ctp:CTRG_00684
K3XRC5	sita:101766388
C5M562	ctp:CTRG_02040
C5M8C5	ctp:CTRG_02647
C5MDN4	ctp:CTRG_03786
C5MBM9	ctp:CTRG_03471
C5MJ70	ctp:CTRG_06113
C5MFA4	ctp:CTRG_04747
C5M5X9	ctp:CTRG_01260
C5MJH6	ctp:CTRG_06219
C5M4B2	ctp:CTRG_00902
B6SVZ4	zma:100281497
C5M7Y4	ctp:CTRG_02506
K3ZPY3	sita:101761680
C5M991	ctp:CTRG_02963
K3Z3U6	sita:101785471
C5MBL9	ctp:CTRG_03461
K4AIK4	sita:101771233
C0HFL0	zma:100304421
C5MJ57	ctp:CTRG_06100
C5MEB8	ctp:CTRG_04411
K3XF99	sita:101780559
Q49HD7	zma:732734
C5M6M0	ctp:CTRG_01501
C5M678	ctp:CTRG_01359
C5M9W6	ctp:CTRG_02278
C3YGT6	bfo:BRAFLDRAFT_58764
K3XY32	sita:101782412
C5MF50	ctp:CTRG_04693
Q5AJD9	cal:CaO19.1652
Q5AJD9	cal:CaO19.9221
C5M7T3	ctp:CTRG_02455
C5MBI5	ctp:CTRG_03427
A5E235	lel:LELG_03672
C5M2J8	ctp:CTRG_00287
C5MCK8	ctp:CTRG_03959
K3XVG9	sita:101772949
K3XE24	sita:101758943
K3XEE5	sita:101759626
A7TDU4	vpo:Kpol_1018p97
C5MDF0	ctp:CTRG_04251
A0A0N7KQI0	osa:9268343
C5MAN0	ctp:CTRG_03122
C5M672	ctp:CTRG_01353
K3Y5I5	sita:101772896
K3ZHL4	sita:101756442
C5M818	ctp:CTRG_02540
C5M9V3	ctp:CTRG_02265
C5M2P8	ctp:CTRG_00337
C5MHC4	ctp:CTRG_05478
K3YC50	sita:101769022
Q6K949	osa:4330001
K3XFJ9	sita:101755976
C5MJ13	ctp:CTRG_06056
C5MBH8	ctp:CTRG_03420
A0A067KSD7	jcu:105632965
K3Y8A1	sita:101765343
K3XTE5	sita:101756797
C5MGD6	ctp:CTRG_05129
K3XER2	sita:101761508
K3ZV72	sita:101755480
C5MBN6	ctp:CTRG_03478
K3ZFD1	sita:101786292
C5MJK6	ctp:CTRG_06249
K3XLY6	sita:101782578
C5MFT4	ctp:CTRG_04927
K3Z437	sita:101773339
I1GQL1	bdi:104582000
K3Y7V6	sita:101755077
K4AB20	sita:101776590
K3Y9G5	sita:101764409
C5MDR8	ctp:CTRG_03830
C5MDR8	ctp:CTRG_03820
K3Z8J4	sita:101772106
K4A9N7	sita:101767582
K3XYW9	sita:101776080
K3YUU3	sita:101753150
K4A5D0	sita:101786565
C5MFA3	ctp:CTRG_04746
C5MGK5	ctp:CTRG_05198
C5M6R0	ctp:CTRG_01541
C5M9X0	ctp:CTRG_02282
C5MEN8	ctp:CTRG_04543
C5MEN8	ctp:CTRG_04531
C5MDX9	ctp:CTRG_03881
C5M5N5	ctp:CTRG_01165
C5MD33	ctp:CTRG_04134
Q8LNH6	osa:4349023
C5MD99	ctp:CTRG_04200
K3YLL1	sita:101776529
K4AEG8	sita:101760391
C5M9X4	ctp:CTRG_02286
K3ZVA0	sita:101762507
K3XYM4	sita:101772953
B6U8Q8	zma:100278452
C5MDP0	ctp:CTRG_03792
K4A7H7	sita:101774298
C5MAP1	ctp:CTRG_03133
C5MGH0	ctp:CTRG_05163
A0A0U2TIX5	pkt:AT984_02865
C5M7M3	ctp:CTRG_01855
K3YEL7	sita:101757647
C5YCM0	sbi:SORBI_06g001980
C5YJR1	sbi:SORBI_07g029140
C5MCL7	ctp:CTRG_03968
C5M9G0	ctp:CTRG_03032
K3Z4S7	sita:101753370
C5M6E9	ctp:CTRG_01430
C5MJK7	ctp:CTRG_06250
C5MB21	ctp:CTRG_03263
C5M5A5	ctp:CTRG_02083
C5M923	ctp:CTRG_02895
K3YTB7	sita:101769099
K3XW25	sita:101754332
C5Z8V3	sbi:SORBI_10g028770
A0A072UBW6	mtr:MTR_7g075885
C5M367	ctp:CTRG_00506
C5MGZ0	ctp:CTRG_05344
C5MHB3	ctp:CTRG_05467
C5MCS1	ctp:CTRG_04022
C5MHE6	ctp:CTRG_05500
C5MD29	ctp:CTRG_04130
C5MHI9	ctp:CTRG_05543
A3GGR1	pic:PICST_28701
K4ADR5	sita:101780258
K3ZIJ3	sita:101772790
B6TTA5	zma:100284409
C5M7Y7	ctp:CTRG_02509
C5MH40	ctp:CTRG_05394
B9W9W8	cdu:CD36_12490
K3ZIN6	sita:101757401
K3YPA0	sita:101785421
Q67TR8	osa:4347252
Q84YF1	sbi:SORBI_08g002290
K3Z3D8	sita:101765233
C5MI51	ctp:CTRG_05744
C5MFB3	ctp:CTRG_04756
K3YMJ4	sita:101776664
K3ZSN2	sita:101782480
B9WKY6	cdu:CD36_26530
C5MG35	ctp:CTRG_05028
B9WEG3	cdu:CD36_85760
B9WJW0	cdu:CD36_73690
C5M3A8	ctp:CTRG_00547
A5E094	lel:LELG_03031
C5MF85	ctp:CTRG_04728
C5M8I3	ctp:CTRG_02705
C5MBU6	ctp:CTRG_03538
C5M3D3	ctp:CTRG_00572
C5MJJ0	ctp:CTRG_06233
C5M2K2	ctp:CTRG_00291
C5M9C3	ctp:CTRG_02995
B4F8A8	zma:100191296
C5MCI2	ctp:CTRG_03933
C5MCI2	ctp:CTRG_03941
C5MC56	ctp:CTRG_03648
C5MB50	ctp:CTRG_03292
C5M4M5	ctp:CTRG_01015
C5MGW4	ctp:CTRG_05318
C5MIS8	ctp:CTRG_05971
C5M2Q5	ctp:CTRG_00344
K3Z4U4	sita:101777808
K3YG88	sita:101760451
C5MGF4	ctp:CTRG_05175
C5MGF4	ctp:CTRG_05147
C5M988	ctp:CTRG_02960
C5M8Z6	ctp:CTRG_02868
C5M8Z0	ctp:CTRG_02862
C5MAS3	ctp:CTRG_03165
K3YQV1	sita:101783556
K4A968	sita:101754873
K3ZQ97	sita:101786645
K4A849	sita:101786582
C5M6U8	ctp:CTRG_01579
K3ZHT9	sita:101777664
C5MGZ1	ctp:CTRG_05345
C5M3M1	ctp:CTRG_00660
C5M649	ctp:CTRG_01330
C5M649	ctp:CTRG_01336
C4J8S7	zma:100502152
K3ZR28	sita:101778058
C5ME40	ctp:CTRG_04332
K3ZE67	sita:101779700
K3XI36	sita:101756518
K3YVB0	sita:101756397
E0VA57	phu:Phum_PHUM027580
C5M7Z5	ctp:CTRG_02517
C5M486	ctp:CTRG_00875
K3Z3A2	sita:101784941
C5MAW7	ctp:CTRG_03209
C5MB33	ctp:CTRG_03275
A7KVC2	zma:100125659
K3YJM9	sita:101756270
C5MH71	ctp:CTRG_05425
K3Y9I9	sita:101758994
C5M9D7	ctp:CTRG_03009
C5MHC8	ctp:CTRG_05482
C5M804	ctp:CTRG_02526
C5MBG3	ctp:CTRG_03405
C5MGE7	ctp:CTRG_05140
C5MHK8	ctp:CTRG_05562
K3Y530	sita:101771284
C5XAQ2	sbi:SORBI_02g035280
K3Z657	sita:101785474
K3YWN6	sita:101757211
J3M0L1	obr:102706836
K3Y673	sita:101761287
C5M989	ctp:CTRG_02961
K3Y6Q2	sita:101781954
C5MAU2	ctp:CTRG_03184
K3ZQB7	sita:101785318
A0A072U5E2	mtr:MTR_7g115710
K3Y678	sita:101776289
K3XVC1	sita:101769347
K4A8Q2	sita:101767191
C5M3F0	ctp:CTRG_00589
C5MJH9	ctp:CTRG_06222
C5M3D2	ctp:CTRG_00571
B9WM01	cdu:CD36_31190
K3Y6Q7	sita:101770909
K4AL86	sita:101786570
K3ZQA0	sita:101766715
K3Z717	sita:101753485
K3ZNI6	sita:101782649
K3ZQE5	sita:101784911
C5MG72	ctp:CTRG_05065
K3Y5M5	sita:101777518
K3XX12	sita:101785379
C5M6R8	ctp:CTRG_01549
A5DZM4	lel:LELG_02811
C5MB15	ctp:CTRG_03257
C5MJK3	ctp:CTRG_06246
C5MD88	ctp:CTRG_04189
C5M3D0	ctp:CTRG_00569
C5MFC7	ctp:CTRG_04770
C5M3E1	ctp:CTRG_00580
K3Z3F1	sita:101780497
C5MDY0	ctp:CTRG_03882
C5XVN5	sbi:SORBI_04g023730
K3Y5C5	sita:101755202
A0A160J685	snj:A7E77_00860
K3ZU47	sita:101769016
K3Y8F8	sita:101757505
K3Y7N8	sita:101784922
K3Y897	sita:101774546
K3YHP1	sita:101783685
C5YJH7	sbi:SORBI_07g007730
K3YYV4	sita:101775037
C5MAM8	ctp:CTRG_03120
C5MCD8	ctp:CTRG_03730
I1HJH5	bdi:100839607
C5M924	ctp:CTRG_02896
K3Z5X4	sita:101754691
B4FDL9	zma:100193052
G7I9Z0	mtr:MTR_1g016230
I1GLI2	bdi:100829272
C5MCD7	ctp:CTRG_03729
C5X9N4	sbi:SORBI_02g003380
C5YQ25	sbi:SORBI_08g000555
K3XFP7	sita:101769762
Q5A741	cal:CaO19.5121
Q5A741	cal:CaO19.12587
C5MB46	ctp:CTRG_03288
C5YAM9	sbi:SORBI_06g033310
K3XHB6	sita:101775008
C5M4X3	ctp:CTRG_01951
K4A507	sita:101772271
K3Y124	sita:101759874
B7ZZ11	zma:100279604
Q6ZNX4	hsa:100652901
A0A097ECT8	stax:MC45_01975
K3YRF5	sita:101778564
C5M9D1	ctp:CTRG_03003
G3BFF9	cten:CANTEDRAFT_96126
C5XGC0	sbi:SORBI_03g044160
C5M204	ctp:CTRG_00093
C5MFX4	ctp:CTRG_04967
K3Z608	sita:101766324
C5M422	ctp:CTRG_00811
C5M421	ctp:CTRG_00810
C5MBD4	ctp:CTRG_03376
K3Y782	sita:101780602
C5MFI4	ctp:CTRG_04827
C5MHF4	ctp:CTRG_05508
C5X0Y2	sbi:SORBI_01g049240
K3ZNL0	sita:101772517
K3XV72	sita:101785912
K4A1Y0	sita:101768350
K3ZSC8	sita:101762098
K3ZD36	sita:101777568
K4A885	sita:101754197
C0PG74	zma:100383468
C5ME85	ctp:CTRG_04377
C5M8W5	ctp:CTRG_02837
C5MIL2	ctp:CTRG_05905
B6TJF5	zma:100276840
K3Z6M4	sita:101767821
K4AD17	sita:101785639
K4A567	sita:101761209
B6U0J9	zma:100285072
Q2QMX9	osa:4352664
K4A7M6	sita:101771341
K3XEU9	sita:101783133
K3ZVA6	sita:101762108
C5M884	ctp:CTRG_02606
K3YP71	sita:101772985
K3ZR17	sita:101764527
K3YC01	sita:101779140
K3XJJ7	sita:101761390
K3Z942	sita:101757652
C5M7M8	ctp:CTRG_01860
K3YJ97	sita:101776397
K3Z5C8	sita:101761715
C5MJ37	ctp:CTRG_06080
C5MC84	ctp:CTRG_03676
K3YR42	sita:101780034
A0A0Q3KNP3	bdi:100843123
K3XVD5	sita:101774182
K3ZQI0	sita:101766992
K3ZS76	sita:101764795
K4A4S6	sita:101778793
C5XZ01	sbi:SORBI_04g008750
K3Y807	sita:101779937
K3XDW3	sita:101769233
C5MB49	ctp:CTRG_03291
C5M6W1	ctp:CTRG_01592
B4FNQ6	zma:100272454
K3ZRV2	sita:101763186
K3YZ71	sita:101759930
K3ZT38	sita:101766172
K3YP85	sita:101773704
K3Y9T8	sita:101762773
K3XE30	sita:101755300
C5M4A4	ctp:CTRG_00894
K3XEM3	sita:101758683
K3Z8V3	sita:106804238
K4ACT2	sita:101775793
C5MB64	ctp:CTRG_03306
C5M8Y2	ctp:CTRG_02854
I1GNM8	bdi:104582483
A0A0N1RYY6	paq:PAGR_g3504
D4GJQ1	pam:PANA_0694
I1GKU4	bdi:100827039
C5YIH2	sbi:SORBI_07g005800
K3XEQ4	sita:101786357
C5MFZ3	ctp:CTRG_04986
A5DNF8	pgu:PGUG_04809
K3XH05	sita:101765292
K3Z3V4	sita:101781990
K3XH06	sita:101753692
K3XWJ8	sita:101784847
K3Z5T3	sita:101772400
C5M6W3	ctp:CTRG_01594
A9SHA7	ppp:PHYPADRAFT_79416
K3YUL6	sita:101759372
K3ZHD9	sita:101759434
K4A5P4	sita:101763253
P40978	osa:4333148
P40978	osa:4333150
C5MH05	ctp:CTRG_05359
C6JS24	sbi:SORBI_0019s003280
K4A4Z9	sita:101779721
K3XWA2	sita:101765811
K3ZEJ0	sita:101784284
K3ZX66	sita:105913557
Q7XUA1	osa:4336421
G7L6J3	mtr:MTR_7g067340
K3Z3F4	sita:101761452
K3XZT2	sita:101783229
K3Y292	sita:101776763
K3XYG6	sita:101753247
C5M3N8	ctp:CTRG_00677
K3Y570	sita:101761035
C5MIV6	ctp:CTRG_05999
K3ZS10	sita:101772222
K3Y631	sita:101782216
K3YMN3	sita:101775584
K3XDS5	sita:101784057
K3YRP5	sita:101783147
K3XV33	sita:101752998
A0A0X8Q8Q5	pagg:AL522_16700
K3Z4D2	sita:101782917
C5MI78	ctp:CTRG_05771
K3YQE6	sita:101764106
C5Z396	sbi:SORBI_10g001900
I1I2B1	bdi:100827497
Q84TA1	osa:4334598
K3YGD9	sita:101776794
K4A7Z7	sita:101757692
C5M3G8	ctp:CTRG_00607
A0A0D2N409	gra:105785463
X1WSN9	api:100161786
C5MHH3	ctp:CTRG_05527
K4AC16	sita:101760397
K3XIG4	sita:101780428
K3YM02	sita:101764236
A0A067K0V7	jcu:105641655
K3Z2F8	sita:101756103
K4AF92	sita:101754195
K3Z5H9	sita:101786945
K3YH53	sita:101758430
K4A9M5	sita:101780933
K3XEL3	sita:101767615
K3Y5Q8	sita:101780218
A0A0Q3MP58	bdi:100837670
B4FSQ3	zma:100273081
K4A707	sita:101782398
C0P4H8	zma:100382112
K4A9I3	sita:101784978
Q2QM64	osa:4352794
K3ZIY6	sita:101781566
K3YR57	sita:101759781
A0A0Q3HKM4	bdi:100826243
J3M279	obr:102717426
B4FWB9	zma:100273569
K3XGV5	sita:101768416
C5MCG2	ctp:CTRG_03913
C5MAE6	ctp:CTRG_03038
K3XIT9	sita:101773397
B9WKK4	cdu:CD36_25110
C5M8N3	ctp:CTRG_02755
K3XH92	sita:101763688
K3XRG9	sita:101772867
K3XIV6	sita:101760834
K3ZRQ0	sita:101769816
C6JRM0	sbi:SORBI_0011s003210
C5Z998	sbi:SORBI_10g029260
Q59VN4	cal:CaO19.9412
Q59VN4	cal:CaO19.1059
Q59VN4	cal:CaO19.8661
Q59VN4	cal:CaO19.1854
K3YG11	sita:101757086
K3ZQZ7	sita:101777665
K4A7U9	sita:101785510
K3Z399	sita:101762676
C4Y0F0	clu:CLUG_01682
K4A783	sita:101768773
G7I4X2	mtr:MTR_1g093770
K3XSF3	sita:101782989
B4FYQ7	zma:100274039
K3Z545	sita:101773348
K3YU41	sita:101775162
K3XEC9	sita:101776382
C5M1Y4	ctp:CTRG_00073
K4A615	sita:101786954
C5M690	ctp:CTRG_01371
C5MC97	ctp:CTRG_03689
C5M395	ctp:CTRG_00534
C5M640	ctp:CTRG_01321
C5MCA6	ctp:CTRG_03698
K3XI90	sita:101772984
K3ZHR3	sita:101770386
K4A6F3	sita:101756601
A0A120LPP1	pagg:AL522_21035
K4A1G3	sita:101755749
C5M6I9	ctp:CTRG_01470
J3MA52	obr:102715857
K3XGJ3	sita:101758808
K7U2E4	zma:103641531
K3Z6R5	sita:101756593
K4A8C2	sita:101777831
K3Z5Y5	sita:101765649
K3YRV4	sita:101769932
K4A540	sita:101774300
K4A510	sita:101765677
C5Z0X5	sbi:SORBI_09g025470
C5MBA7	ctp:CTRG_03349
K3ZHU8	sita:101779436
A0A096QRT2	zma:103627366
K3Y5X8	sita:101773588
C5MB97	ctp:CTRG_03339
K3ZHQ8	sita:101773619
C5M7S5	ctp:CTRG_01907
C5M3T2	ctp:CTRG_00721
K3Z357	sita:101765127
C5YCN5	sbi:SORBI_06g002080
K3XLH0	sita:101755160
K3Z606	sita:101766880
K3XY59	sita:101784852
K3XIT1	sita:101770983
K3YC63	sita:101779020
K4AMJ2	sita:101764041
K3Y5C9	sita:101780749
C5XAX7	sbi:SORBI_02g036010
K3YPS3	sita:101769104
K3Z4X2	sita:101772411
C5MGF0	ctp:CTRG_05143
K3ZH36	sita:101771830
K3Y359	sita:101773648
K4A7I4	sita:101786301
C5MA65	ctp:CTRG_02377
K3YTG6	sita:101778974
C5M647	ctp:CTRG_01328
K3ZR51	sita:101757780
K3Z3T4	sita:101769575
K3Y9L7	sita:101756304
C5Z1W2	sbi:SORBI_10g030220
K3ZQ39	sita:101783040
C5M8N2	ctp:CTRG_02754
K3ZU09	sita:101784795
K4ACD7	sita:101756211
C5M688	ctp:CTRG_01369
K4AMK8	sita:101756196
B4FBV8	zma:100192580
B7ZYS2	zma:100279564
K3XED1	sita:101762322
K3Z3T6	sita:101785224
K3Z4V9	sita:101754440
K3XUW3	sita:101783914
K3XJE7	sita:101769493
K3ZHA8	sita:101773610
K3XK60	sita:101773256
K3ZQN3	sita:101771676
C0HG48	zma:100285422
K3YSR3	sita:101761129
C5M3Y3	ctp:CTRG_00772
K3XJ16	sita:101777316
C5M7A4	ctp:CTRG_01736
C5M894	ctp:CTRG_02643
C5M894	ctp:CTRG_02616
K3ZLT3	sita:101773453
K3YW96	sita:101772869
K3Y370	sita:101770965
C5M4L2	ctp:CTRG_01002
C5M6Q8	ctp:CTRG_01539
K3XFZ7	sita:101764891
K3Y767	sita:101757501
K4ACV9	sita:105913503
C5MAN3	ctp:CTRG_03125
K3XJ47	sita:101781909
K3Y3N3	sita:101754482
C5M266	ctp:CTRG_00155
C5M3Y4	ctp:CTRG_00773
C5M702	ctp:CTRG_01633
K3ZQB1	sita:101755884
K3XEC4	sita:101782567
K3XDZ6	sita:101770185
K3ZRM2	sita:101760213
C5MD38	ctp:CTRG_04139
K3YPX7	sita:101783671
K3Y1H7	sita:101760543
K4AA69	sita:101758255
K4A6C8	sita:101785108
C5M6R9	ctp:CTRG_01550
K4ACK4	sita:101758359
K3XUZ7	sita:101753251
C5MF97	ctp:CTRG_04740
C5M509	ctp:CTRG_01987
K3XWR9	sita:101785105
K3Y8E3	sita:101754406
K3ZHB0	sita:101767154
K3XZB4	sita:101777443
C5YSB3	sbi:SORBI_08g004125
K3Y717	sita:101753179
K3XE00	sita:101765569
C5XXR6	sbi:SORBI_04g026320
K4AEZ0	sita:101773492
K3ZDH2	sita:101781463
K3Z5Y3	sita:101753618
K3XUQ8	sita:101758916
G7J0Z7	mtr:MTR_3g035620
C5XA09	sbi:SORBI_02g034720
C0HDS7	zma:100304216
K3YSH7	sita:101762891
K3YFV9	sita:101774231
K3YZN0	sita:101760991
K3XE36	sita:101759633
K3Y4Q8	sita:101758192
K3Z4V3	sita:101759298
C0PGU4	zma:100383541
B6TJN8	zma:100283581
K4AK60	sita:101770684
C5M4Y9	ctp:CTRG_01967
K4AC70	sita:101784571
K3YQZ8	sita:101753142
K4AAZ7	sita:101779860
K3Z7C0	sita:101767689
K3Y1J1	sita:101766357
C5MGB9	ctp:CTRG_05112
K4AF67	sita:101781861
J9LYB5	api:100571463
K3XHG1	sita:101752479
K3YPX2	sita:101766002
K7V3P1	zma:103636522
K3YPA6	sita:101785827
K3Y7K3	sita:101781158
C5MGB2	ctp:CTRG_05105
K3ZR05	sita:101766420
K3Z3D7	sita:101777964
C5XJR8	sbi:SORBI_03g013450
K3YQ54	sita:101779520
C5MD32	ctp:CTRG_04133
K3XY85	sita:101783109
K3XWV7	sita:101769603
K3XGJ4	sita:101766804
G7JHM5	mtr:MTR_4g098800
K3Y742	sita:101784382
K3YVI3	sita:101770874
K3ZQU6	sita:101779000
K3XLC1	sita:101770436
C5XKC4	sbi:SORBI_03g001330
C5XKC4	sbi:SORBI_03g001335
C5M4U4	ctp:CTRG_01922
C5M2Y6	ctp:CTRG_00425
C5WWI9	sbi:SORBI_01g032340
I1HEF5	bdi:100830919
G7KW32	mtr:MTR_7g072330
K3ZJF4	sita:101760368
K3Y881	sita:101766030
C5M2J5	ctp:CTRG_00284
K3XQP8	sita:101775722
K4A545	sita:101776185
K4ABM3	sita:101754854
B6TZ40	zma:100284953
K3YG26	sita:101778990
K3XJ72	sita:101786070
K3YH67	sita:101756539
K3YCT2	sita:101759143
K3YRS9	sita:101777323
C5MCG1	ctp:CTRG_03912
C5MJI0	ctp:CTRG_06223
K3Y576	sita:105914855
K3Z5D2	sita:101752682
K3ZQ20	sita:101769688
K4AA34	sita:101773511
C5XMJ3	sbi:SORBI_03g037470
K3Y560	sita:101775462
K3ZHQ6	sita:101762944
K3YWK3	sita:101767624
B6UDC6	zma:100286027
K3ZS35	sita:101784786
K3Z0J0	sita:101767376
K3XXQ8	sita:101772021
K4AET3	sita:101766640
K4A7I3	sita:101780135
J3LP14	obr:102720777
K3Z3C9	sita:101762140
K3Z5D3	sita:101757405
K3ZTL7	sita:101755204
K3XYD4	sita:101771218
K3YQB0	sita:101763692
K3XV88	sita:101754478
K4A7E2	sita:101784015
C5MDF2	ctp:CTRG_04253
K3XE29	sita:101772452
K8AB95	ccon:AFK62_11180
K3ZXV5	sita:101767128
K4A5M0	sita:101756871
K4A959	sita:101781593
K3XJ94	sita:101776229
K3XKB2	sita:101776095
K3Z338	sita:101768094
K3XFG4	sita:101779087
C5MCT8	ctp:CTRG_04039
K3XE81	sita:101779613
K3XG09	sita:101785274
K4AL72	sita:101758510
K3Z6D3	sita:101752680
B6U0T1	zma:103627509
K3XDX3	sita:101785005
K4AL50	sita:101773081
C5XJZ6	sbi:SORBI_03g034230
C0PCF2	zma:100284783
C0PCF2	zma:103652856
C5M498	ctp:CTRG_00888
K3ZQQ9	sita:101769814
K3YE25	sita:101755770
A0A0M1R5V8	enl:A3UG_12790
K3XGI2	sita:101755168
K3Y4M4	sita:101781548
C5ME36	ctp:CTRG_04328
K4A596	sita:101763676
C5MFU6	ctp:CTRG_04939
K4A459	sita:101762096
K3XXR0	sita:101767983
Q6Z229	osa:4345856
K4A5Y3	sita:101756890
K3Y4T2	sita:101779541
K3ZI61	sita:101767550
K3XEQ7	sita:101773948
K3Z6L3	sita:101764837
K3XFP8	sita:101768557
K4A7J0	sita:101757956
K3Y6D5	sita:101781825
K3YQM0	sita:101765177
C5M585	ctp:CTRG_02063
K4AEP4	sita:101784719
B4F9L1	zma:100191644
K3YS67	sita:101780184
M9R5N6	mdm:103448995
K3YN66	sita:101781405
K4A8T2	sita:101762444
C5M5U5	ctp:CTRG_01226
K3YCR2	sita:101753059
C5MHI8	ctp:CTRG_05542
K3ZRR4	sita:101759129
K3ZWH0	sita:101786655
K3ZR25	sita:101762501
K3YP86	sita:101760993
K3YUG6	sita:101776250
K3ZIB1	sita:101786013
K3Z4R1	sita:101773763
K4A658	sita:101767034
K3Y7I3	sita:101777517
C5MBF9	ctp:CTRG_03401
K4ADX1	sita:101761469
K4ADU6	sita:101759719
C5Z5B1	sbi:SORBI_10g004990
C5MJJ9	ctp:CTRG_06242
K4AB74	sita:101756199
K3ZR06	sita:101754021
Q59RG0	cal:CaO19.9706
Q59RG0	cal:CaO19.2160
C5MF43	ctp:CTRG_04686
K3YPQ2	sita:101761128
K3YGQ7	sita:101756953
K3XWF4	sita:101774990
K3XGC7	sita:101787003
G3AFQ9	spaa:SPAPADRAFT_58182
B9WBB7	cdu:CD36_19070
C5MGB8	ctp:CTRG_05111
K4AC83	sita:101776483
A0A0Q3GU67	bdi:100832385
C5M6S5	ctp:CTRG_01556
C5M6R1	ctp:CTRG_01542
K3Y5T7	sita:101784917
C5MDC3	ctp:CTRG_04224
C5MHB9	ctp:CTRG_05473
I1GM45	bdi:100837507
K3Y972	sita:101773736
K3ZVN9	sita:101783445
P46245	bas:BUsg_116
K3Y5N9	sita:101775062
K3XEE4	sita:101765702
C5M366	ctp:CTRG_00505
K3YQT0	sita:101765060
K3XV75	sita:101770690
Q7EZD7	osa:4342198
A0A0H3L0U2	paj:PAJ_2829
A0A0N1RRN4	paq:PAGR_g0428
D4GCG1	pam:PANA_3605
K3Z6D2	sita:101756599
K4ABH7	sita:101772270
K3ZQV5	sita:101781273
B4F939	zma:541883
B4FE36	zma:541883
K4AJQ5	sita:101760825
K3XXJ0	sita:105914251
K3XG88	sita:101763537
C5MAX7	ctp:CTRG_03219
K4A692	sita:101772029
K3YRF3	sita:101763694
K3XVN3	sita:101784034
A0A0Q3HAX8	bdi:100831289
K3XI15	sita:101755023
K3ZST8	sita:101752498
K4AC19	sita:101775525
C5MDR9	ctp:CTRG_03821
B6SWZ1	zma:100281616
K7UWQ3	zma:103635788
K3XX62	sita:101765957
K3XG41	sita:101760584
C5MH68	ctp:CTRG_05422
C5M990	ctp:CTRG_02962
K4A571	sita:101778647
K3Z8E3	sita:101780927
C5MFZ4	ctp:CTRG_04987
K4AE40	sita:101775665
C5XJ23	sbi:SORBI_03g033640
J3LN30	obr:102699386
K4A7S9	sita:101780657
K3Y841	sita:101778464
K3Y861	sita:101756423
K3YLI0	sita:101754787
K3ZQL1	sita:101752768
K3Z4X4	sita:101755650
C5M650	ctp:CTRG_01331
C5M650	ctp:CTRG_01335
C5MIE4	ctp:CTRG_05837
C0P3N0	zma:100382014
K3XG44	sita:101776105
K3ZQP2	sita:101756974
K3XXG1	sita:101758790
K3YMX3	sita:101756547
C5M2Y4	ctp:CTRG_00423
B4FIM1	zma:100216563
K4AJD2	sita:101779081
K3Y7H9	sita:101767666
K3XFA6	sita:101770565
K3YRK7	sita:101780970
K3Y969	sita:101754016
K4AEE0	sita:101785923
K3ZPX9	sita:101777112
K3XVT5	sita:101771479
C5YZZ8	sbi:SORBI_09g003430
K3ZWG0	sita:101777222
K3YIA1	sita:101762346
K3Y5Q5	sita:101784379
K4A7B7	sita:101759448
K3Y8G2	sita:101770896
C5MDF1	ctp:CTRG_04252
K3XVL1	sita:101776476
A0A0H3L5I3	paj:PAJ_2024
D4GJF7	pam:PANA_2740
K3YG60	sita:101783281
K3ZHC1	sita:101756847
K3ZIS4	sita:101763475
K3ZJF0	sita:101777130
K3XVF3	sita:101786848
K3Z8H0	sita:101756330
K3XKG8	sita:101783788
K3XG54	sita:101770316
C5MFI3	ctp:CTRG_04826
C5MFI3	ctp:CTRG_04833
K3XFS0	sita:101770039
K3XXS9	sita:101781082
C5YTA5	sbi:SORBI_08g005430
C5YHB7	sbi:SORBI_07g003980
K4AAL0	sita:101768114
K3XS23	sita:101756933
C5M8W7	ctp:CTRG_02839
K3ZRZ7	sita:101756159
B6SVC5	zma:100275552
K3XVB1	sita:101762026
K3Y786	sita:101769551
B4FXQ3	zma:100273837
K3ZJA1	sita:101754432
B4F8R2	zma:100191416
C5M7Z3	ctp:CTRG_02515
K3XUY7	sita:101786455
K3XEI5	sita:101756243
I1GZ85	bdi:100844635
A0A0Q3IM64	bdi:100830737
K4AF95	sita:101761070
J3MAB4	obr:102704251
C5MD53	ctp:CTRG_04154
K3YUZ5	sita:101775443
K3ZRN7	sita:101779138
K3XXP1	sita:101777281
K3XEK3	sita:101785396
K3Z5D5	sita:101765240
C5MC29	ctp:CTRG_03621
C5MAM3	ctp:CTRG_03115
K4A745	sita:101763651
C5MAB6	ctp:CTRG_02428
K3ZJ56	sita:101781299
C5MER3	ctp:CTRG_04556
C5MC72	ctp:CTRG_03673
C5MC72	ctp:CTRG_03664
C5MI84	ctp:CTRG_05777
C5MFV4	ctp:CTRG_04947
C5MDX8	ctp:CTRG_03880
C5MI31	ctp:CTRG_05724
C5M2G0	ctp:CTRG_00249
C5MC91	ctp:CTRG_03683
C5MAX8	ctp:CTRG_03220
C5M470	ctp:CTRG_00859
C5M510	ctp:CTRG_01988
C5MHA1	ctp:CTRG_05455
C5M7F6	ctp:CTRG_01788
C5MHH0	ctp:CTRG_05524
C5M8Y3	ctp:CTRG_02855
C5M210	ctp:CTRG_00099
C5M210	ctp:CTRG_00109
C5M2J6	ctp:CTRG_00285
C5MDA1	ctp:CTRG_04202
C5MAB5	ctp:CTRG_02427
C5MDG2	ctp:CTRG_04263
C5M6D0	ctp:CTRG_01411
C5MJ55	ctp:CTRG_06098
C5M5M5	ctp:CTRG_01155
C5MHK9	ctp:CTRG_05563
C5M746	ctp:CTRG_01678
C5MAE7	ctp:CTRG_03039
C5MDS0	ctp:CTRG_03822
C5M554	ctp:CTRG_02032
C5MCY8	ctp:CTRG_04089
C5M661	ctp:CTRG_01342
C5MIQ9	ctp:CTRG_05952
C5M7U0	ctp:CTRG_02462
C5M902	ctp:CTRG_02874
C5MI59	ctp:CTRG_05752
K4A5E7	sita:101782673
C5MFZ8	ctp:CTRG_04991
C5MHP8	ctp:CTRG_05591
C5M891	ctp:CTRG_02613
C5M2G7	ctp:CTRG_00256
C5MH65	ctp:CTRG_05419
C5MCW7	ctp:CTRG_04068
C5M6J0	ctp:CTRG_01471
C5MA26	ctp:CTRG_02338
C5MAT7	ctp:CTRG_03179
C5MBP1	ctp:CTRG_03483
C5MHP6	ctp:CTRG_05589
C5M3L1	ctp:CTRG_00650
C5MJB6	ctp:CTRG_06159
C5M2P6	ctp:CTRG_00335
B9WF11	cdu:CD36_87780
C5M4G4	ctp:CTRG_00954
C5MDE9	ctp:CTRG_04250
C5MH67	ctp:CTRG_05421
K3YJB7	sita:101779782
C5M4B9	ctp:CTRG_00909
C5M5U4	ctp:CTRG_01225
C5M5U4	ctp:CTRG_01258
C5M7A5	ctp:CTRG_01737
B4F7T4	zma:100191148
C5MHM9	ctp:CTRG_05572
C5MCK9	ctp:CTRG_03960
C5MIL1	ctp:CTRG_05904
C5MEV9	ctp:CTRG_04602
C5M9R3	ctp:CTRG_02244
C5M9R3	ctp:CTRG_02225
Q59TC4	cal:CaO19.11982
Q59TC4	cal:CaO19.4506
C5M987	ctp:CTRG_02959
C5ME41	ctp:CTRG_04333
C5MHH4	ctp:CTRG_05528
A5DNL8	pgu:PGUG_04869
C5MC44	ctp:CTRG_03636
C5MEX0	ctp:CTRG_04613
C5MJF9	ctp:CTRG_06202
C5M8I8	ctp:CTRG_02710
C5MFB1	ctp:CTRG_04754
C5MHM8	ctp:CTRG_05571
C5MD31	ctp:CTRG_04132
C5MFZ9	ctp:CTRG_04992
C5M546	ctp:CTRG_02024
C5MHY2	ctp:CTRG_05675
C5MC43	ctp:CTRG_03635
C5M7G1	ctp:CTRG_01793
C5M878	ctp:CTRG_02600
C5M268	ctp:CTRG_00157
C5M268	ctp:CTRG_00161
C5MGW3	ctp:CTRG_05317
C5MA13	ctp:CTRG_02325
C5MBX3	ctp:CTRG_03565
C5MG39	ctp:CTRG_05032
C5MEN9	ctp:CTRG_04542
C5MEN9	ctp:CTRG_04532
C5MAE5	ctp:CTRG_03037
C5M7F5	ctp:CTRG_01787
C5M389	ctp:CTRG_00528
C5MBX2	ctp:CTRG_03564
C5M508	ctp:CTRG_01986
C5M9T5	ctp:CTRG_02247
C5M4Y4	ctp:CTRG_01962
C5MCG4	ctp:CTRG_03915
C5M3L0	ctp:CTRG_00649
C5MBV1	ctp:CTRG_03543
C5ME15	ctp:CTRG_04307
C5MHH5	ctp:CTRG_05529
C5M8I2	ctp:CTRG_02704
C5MC41	ctp:CTRG_03633
C5MBC9	ctp:CTRG_03371
C5M6I8	ctp:CTRG_01469
C5M2Y2	ctp:CTRG_00421
C5MIM5	ctp:CTRG_05918
C5M888	ctp:CTRG_02610
C5MB06	ctp:CTRG_03248
C5MHH2	ctp:CTRG_05526
C5MA60	ctp:CTRG_02372
C5M4G5	ctp:CTRG_00955
C5MBF7	ctp:CTRG_03399
C5MAF8	ctp:CTRG_03050
C5M9R4	ctp:CTRG_02226
C5M9Z9	ctp:CTRG_02311
C5MCI3	ctp:CTRG_03934
C5MCI3	ctp:CTRG_03940
C5M2R7	ctp:CTRG_00356
C5MDS6	ctp:CTRG_03828
C5MAX9	ctp:CTRG_03221
C5M9Y0	ctp:CTRG_02292
C5MAU1	ctp:CTRG_03183
C5M4I5	ctp:CTRG_00975
C5MBT2	ctp:CTRG_03524
C5MH82	ctp:CTRG_05436
C5M9J1	ctp:CTRG_02153
C5MDA5	ctp:CTRG_04206
C5M4U3	ctp:CTRG_01921
C5MEM1	ctp:CTRG_04514
C5M6S3	ctp:CTRG_01554
C5MEX1	ctp:CTRG_04614
C5M446	ctp:CTRG_00835
C5M985	ctp:CTRG_02957
C5MHP9	ctp:CTRG_05592
C5MFA0	ctp:CTRG_04743
C5MIW8	ctp:CTRG_06011
C5MBP0	ctp:CTRG_03482
C5MH85	ctp:CTRG_05439
C5MBC7	ctp:CTRG_03369
C5M8H9	ctp:CTRG_02701
C5M200	ctp:CTRG_00089
C5M676	ctp:CTRG_01357
C5M419	ctp:CTRG_00808
C5M484	ctp:CTRG_00873
C5MDH8	ctp:CTRG_04279
C5MAY8	ctp:CTRG_03230
C5M6Q7	ctp:CTRG_01538
C5M1W2	ctp:CTRG_00051
C5M9R5	ctp:CTRG_02227
C5M4G6	ctp:CTRG_00956
C5M4G6	ctp:CTRG_00959
C5M2X7	ctp:CTRG_00416
C5M485	ctp:CTRG_00874
C5M304	ctp:CTRG_00443
C5M3B5	ctp:CTRG_00558
C5M3B5	ctp:CTRG_00554
C5M3D4	ctp:CTRG_00573
C5M7S3	ctp:CTRG_01905
C5MCW8	ctp:CTRG_04069
C5MG93	ctp:CTRG_05086
C5MG93	ctp:CTRG_05090
C5MIV7	ctp:CTRG_06000
Q5AJX0	cal:CaO19.4051
Q5AJX0	cal:CaO19.11533
C5MAJ5	ctp:CTRG_03087
B9WKJ9	cdu:CD36_25050
