From	To
C5M7X3	ctp:CTRG_02495
C5MAR3	ctp:CTRG_03155
C5MFH6	ctp:CTRG_04819
C5M4X1	ctp:CTRG_01949
C5MDW6	ctp:CTRG_03868
C5MH19	ctp:CTRG_05373
B9W763	cdu:CD36_02620
C5MBI8	ctp:CTRG_03430
C5M8J3	ctp:CTRG_02715
C5MFJ5	ctp:CTRG_04838
C5ME75	ctp:CTRG_04367
C5MD00	ctp:CTRG_04101
C5M9J9	ctp:CTRG_02161
C5MBP5	ctp:CTRG_03487
C5MDZ6	ctp:CTRG_04288
C5M9D7	ctp:CTRG_03009
C5MEG3	ctp:CTRG_04456
C5M9X4	ctp:CTRG_02286
C5MA85	ctp:CTRG_02397
C5MB27	ctp:CTRG_03269
C5MJH1	ctp:CTRG_06214
C5MD57	ctp:CTRG_04158
C5MIW5	ctp:CTRG_06008
C5MGQ6	ctp:CTRG_05260
C5M9Y8	ctp:CTRG_02300
C5M3D7	ctp:CTRG_00576
C5M6M7	ctp:CTRG_01508
C5MB72	ctp:CTRG_03314
C5M9U3	ctp:CTRG_02255
C5MIV5	ctp:CTRG_05998
C5M7H2	ctp:CTRG_01804
C5M9V6	ctp:CTRG_02268
C5MHA2	ctp:CTRG_05456
C5M3R9	ctp:CTRG_00708
C5MBM1	ctp:CTRG_03463
C5M401	ctp:CTRG_00790
C5MH42	ctp:CTRG_05396
C5M2Y5	ctp:CTRG_00424
C5M232	ctp:CTRG_00121
C5M570	ctp:CTRG_02048
C5MF81	ctp:CTRG_04724
C5M4B0	ctp:CTRG_00900
C5MIY6	ctp:CTRG_06029
C5M427	ctp:CTRG_00816
C5MGT7	ctp:CTRG_05291
C5M8B4	ctp:CTRG_02636
C5MDB4	ctp:CTRG_04215
C5M8F6	ctp:CTRG_02678
C5M3H9	ctp:CTRG_00618
C5M8X5	ctp:CTRG_02847
C5MF95	ctp:CTRG_04738
C5MCF6	ctp:CTRG_03907
C5MG78	ctp:CTRG_05071
C5MG72	ctp:CTRG_05065
C5M937	ctp:CTRG_02909
C5M634	ctp:CTRG_01315
C5M6G0	ctp:CTRG_01441
C5M2T7	ctp:CTRG_00376
C5M827	ctp:CTRG_02549
C5MBH3	ctp:CTRG_03415
C5MAM4	ctp:CTRG_03116
C5M2F2	ctp:CTRG_00241
C5MAZ5	ctp:CTRG_03237
C5M4E0	ctp:CTRG_00930
C5MIE9	ctp:CTRG_05842
C5MGG4	ctp:CTRG_05157
C5MHQ0	ctp:CTRG_05593
C5MGC6	ctp:CTRG_05119
C5MEV5	ctp:CTRG_04598
C5MGN7	ctp:CTRG_05241
C5M7S0	ctp:CTRG_01902
C5MI73	ctp:CTRG_05766
C5MDF5	ctp:CTRG_04256
C5MEM2	ctp:CTRG_04515
C5M7K7	ctp:CTRG_01839
C5MHF2	ctp:CTRG_05506
C5M385	ctp:CTRG_00524
C5MDE3	ctp:CTRG_04244
C5MJD0	ctp:CTRG_06173
C5MBZ3	ctp:CTRG_03585
C5MFI6	ctp:CTRG_04829
C5MDR0	ctp:CTRG_03812
C5M896	ctp:CTRG_02618
C5MET1	ctp:CTRG_04574
C5M6H2	ctp:CTRG_01453
B9WHK3	cdu:CD36_52630
C5MAG7	ctp:CTRG_03059
C5M4I7	ctp:CTRG_00977
C5MI21	ctp:CTRG_05714
C5MBW0	ctp:CTRG_03552
C5M9Q0	ctp:CTRG_02212
C5M722	ctp:CTRG_01654
C5M8D5	ctp:CTRG_02657
C5M8N5	ctp:CTRG_02757
C5MG45	ctp:CTRG_05038
C5ME92	ctp:CTRG_04384
C5M497	ctp:CTRG_00886
C5MCT5	ctp:CTRG_04036
C5MDU0	ctp:CTRG_03842
C5MI45	ctp:CTRG_05738
C5MCB4	ctp:CTRG_03706
C5MA29	ctp:CTRG_02341
C5M1Y1	ctp:CTRG_00070
C5ME20	ctp:CTRG_04312
C5MHD0	ctp:CTRG_05484
C5MCQ5	ctp:CTRG_04006
C5MG08	ctp:CTRG_05001
C5M6T3	ctp:CTRG_01564
C5MI43	ctp:CTRG_05736
C5M985	ctp:CTRG_02957
C5MD45	ctp:CTRG_04146
C5MD93	ctp:CTRG_04194
C5M5C2	ctp:CTRG_02100
C5MEB8	ctp:CTRG_04411
C5M707	ctp:CTRG_01638
C5M3W5	ctp:CTRG_00754
C5MEQ4	ctp:CTRG_04547
C5M5Z8	ctp:CTRG_01279
C5MCH8	ctp:CTRG_03929
C5M4P5	ctp:CTRG_01035
C5M5B4	ctp:CTRG_02092
C5MDS2	ctp:CTRG_03824
C5MBB5	ctp:CTRG_03357
C5M298	ctp:CTRG_00187
C5MBT9	ctp:CTRG_03531
C5M2Y6	ctp:CTRG_00425
C5MEP1	ctp:CTRG_04534
C5MFY0	ctp:CTRG_04973
C5M5E0	ctp:CTRG_02118
C5M3K3	ctp:CTRG_00642
C5M3C8	ctp:CTRG_00567
C5M3E6	ctp:CTRG_00585
C5M9B7	ctp:CTRG_02989
C5M3A0	ctp:CTRG_00539
C5M3V7	ctp:CTRG_00746
C5MD03	ctp:CTRG_04104
C5M850	ctp:CTRG_02572
C5M350	ctp:CTRG_00489
C5ME53	ctp:CTRG_04345
C5M5U6	ctp:CTRG_01227
C5MI66	ctp:CTRG_05759
C5MBA3	ctp:CTRG_03345
C5M4J7	ctp:CTRG_00987
C5M5Z9	ctp:CTRG_01280
C5MAT6	ctp:CTRG_03178
C5MGB8	ctp:CTRG_05111
C5M7I1	ctp:CTRG_01813
C5MH24	ctp:CTRG_05378
C5MGV4	ctp:CTRG_05308
C5M7T5	ctp:CTRG_02457
C5MHE4	ctp:CTRG_05498
C5MHW0	ctp:CTRG_05653
C5MAP3	ctp:CTRG_03135
C5M5Q0	ctp:CTRG_01180
C5MDX1	ctp:CTRG_03873
C5M4U2	ctp:CTRG_01920
C5MHX2	ctp:CTRG_05665
C5MB58	ctp:CTRG_03300
C5M4V4	ctp:CTRG_01932
C5M2Q1	ctp:CTRG_00340
C5M6B7	ctp:CTRG_01398
C5MDG6	ctp:CTRG_04267
C5MJ99	ctp:CTRG_06142
C5MAW0	ctp:CTRG_03202
C5M550	ctp:CTRG_02028
C5M342	ctp:CTRG_00481
C5MIV1	ctp:CTRG_05994
C5MIS6	ctp:CTRG_05969
C5MI57	ctp:CTRG_05750
C5M887	ctp:CTRG_02609
C5M372	ctp:CTRG_00511
C5M2K5	ctp:CTRG_00294
C5M5H7	ctp:CTRG_01107
C5M830	ctp:CTRG_02552
C5MJI2	ctp:CTRG_06225
C5M6E8	ctp:CTRG_01429
C5M457	ctp:CTRG_00846
C5MA20	ctp:CTRG_02332
C5M5T1	ctp:CTRG_01211
C5MC62	ctp:CTRG_03654
C5M1X2	ctp:CTRG_00061
C5M3L3	ctp:CTRG_00652
B9WG04	cdu:CD36_42960
C5MGN3	ctp:CTRG_05226
C5M903	ctp:CTRG_02875
C5M4L7	ctp:CTRG_01007
C5M9S6	ctp:CTRG_02238
C5MAX1	ctp:CTRG_03213
C5MB51	ctp:CTRG_03293
C5MCI6	ctp:CTRG_03937
C5M346	ctp:CTRG_00485
C5MCL5	ctp:CTRG_03966
C5M871	ctp:CTRG_02593
C5MF67	ctp:CTRG_04710
C5M531	ctp:CTRG_02009
C5M4Z2	ctp:CTRG_01970
C5M889	ctp:CTRG_02611
C5MD68	ctp:CTRG_04169
C5M1R6	ctp:CTRG_00005
C5M3Q5	ctp:CTRG_00694
K3Y547	sita:101777937
C5M390	ctp:CTRG_00529
C5M1V4	ctp:CTRG_00043
C5M3E2	ctp:CTRG_00581
C5M7Z1	ctp:CTRG_02513
C5MCN5	ctp:CTRG_03986
C5M7J9	ctp:CTRG_01831
C5M514	ctp:CTRG_01992
C5M3I4	ctp:CTRG_00623
C5MCK0	ctp:CTRG_03951
C5M340	ctp:CTRG_00479
C5MGX3	ctp:CTRG_05327
C5MBN1	ctp:CTRG_03473
C5M4C0	ctp:CTRG_00910
C5MA58	ctp:CTRG_02370
C5MAK7	ctp:CTRG_03099
C5M8M6	ctp:CTRG_02748
C5MB10	ctp:CTRG_03252
C5MGJ2	ctp:CTRG_05185
C5M3M9	ctp:CTRG_00668
C5MAN4	ctp:CTRG_03126
C5M4G3	ctp:CTRG_00953
C5M2J7	ctp:CTRG_00286
C5M2H0	ctp:CTRG_00259
C5M7Z6	ctp:CTRG_02518
C5MDD3	ctp:CTRG_04234
C5MIP7	ctp:CTRG_05940
C5M336	ctp:CTRG_00475
C5MBD5	ctp:CTRG_03377
C5M436	ctp:CTRG_00825
C5MFU5	ctp:CTRG_04938
C5MCZ0	ctp:CTRG_04091
C5MHB7	ctp:CTRG_05471
C5MH78	ctp:CTRG_05432
C5M994	ctp:CTRG_02966
C5MFC4	ctp:CTRG_04767
C5MF86	ctp:CTRG_04729
C5MHX1	ctp:CTRG_05664
C5MHT1	ctp:CTRG_05624
C5M9X9	ctp:CTRG_02291
C5MA05	ctp:CTRG_02317
G3AV87	spaa:SPAPADRAFT_57398
C5M659	ctp:CTRG_01340
C5MA00	ctp:CTRG_02312
C5M806	ctp:CTRG_02528
C5M1U3	ctp:CTRG_00032
C5MGH6	ctp:CTRG_05169
C5M499	ctp:CTRG_00889
C5MIU0	ctp:CTRG_05983
C5MB66	ctp:CTRG_03308
C5MFV6	ctp:CTRG_04949
C5MC70	ctp:CTRG_03662
C5M4B4	ctp:CTRG_00904
C5MB90	ctp:CTRG_03332
C5M8X9	ctp:CTRG_02851
C5M8E7	ctp:CTRG_02669
C5MBN0	ctp:CTRG_03472
C5M2S7	ctp:CTRG_00366
C5M1Z5	ctp:CTRG_00084
C5M4F1	ctp:CTRG_00941
C5M8C4	ctp:CTRG_02646
C5MAC2	ctp:CTRG_02434
C5MB42	ctp:CTRG_03284
C5MH91	ctp:CTRG_05445
C5MBI2	ctp:CTRG_03424
C5MJ33	ctp:CTRG_06076
C5MFB5	ctp:CTRG_04758
C5MJ45	ctp:CTRG_06088
C5M683	ctp:CTRG_01364
C5MB94	ctp:CTRG_03336
C5M5X4	ctp:CTRG_01255
C5MG99	ctp:CTRG_05092
C5MFT2	ctp:CTRG_04925
C5M5U0	ctp:CTRG_01220
C5MB23	ctp:CTRG_03265
C5MCX3	ctp:CTRG_04074
C5MH01	ctp:CTRG_05355
C5M1W4	ctp:CTRG_00053
C5M7M4	ctp:CTRG_01856
C5M1Y4	ctp:CTRG_00073
C5MAB5	ctp:CTRG_02427
C5M7X8	ctp:CTRG_02500
C5M443	ctp:CTRG_00832
C5M3B5	ctp:CTRG_00558
C5M3B5	ctp:CTRG_00554
C5M3J5	ctp:CTRG_00634
C5MGB6	ctp:CTRG_05109
C5MCM2	ctp:CTRG_03973
C5M2X5	ctp:CTRG_00414
C5MG70	ctp:CTRG_05063
C5M5E5	ctp:CTRG_02123
C5M8P4	ctp:CTRG_02766
C5MIN6	ctp:CTRG_05929
C5M8I1	ctp:CTRG_02703
C5M8Z9	ctp:CTRG_02871
C5MD85	ctp:CTRG_04186
C5M1T8	ctp:CTRG_00027
C5MCK4	ctp:CTRG_03955
C5M841	ctp:CTRG_02563
C5MCV7	ctp:CTRG_04058
C5M1T6	ctp:CTRG_00025
C5MHE1	ctp:CTRG_05495
C5MGF2	ctp:CTRG_05145
C5M9L7	ctp:CTRG_02179
C5M987	ctp:CTRG_02959
C5M2X9	ctp:CTRG_00418
C5M3C5	ctp:CTRG_00564
C5M588	ctp:CTRG_02066
C5MA55	ctp:CTRG_02367
C5MHA9	ctp:CTRG_05463
C5MAY4	ctp:CTRG_03226
C5MF49	ctp:CTRG_04692
C5MCY7	ctp:CTRG_04088
C5MHE2	ctp:CTRG_05496
C5MGU4	ctp:CTRG_05298
C5MJK6	ctp:CTRG_06249
C5M8P7	ctp:CTRG_02769
C5M9M0	ctp:CTRG_02182
C5M4Y7	ctp:CTRG_01965
C5MHG8	ctp:CTRG_05522
C5MC92	ctp:CTRG_03684
C5MEW5	ctp:CTRG_04608
C5MHP2	ctp:CTRG_05585
C5MFW9	ctp:CTRG_04962
C5MCK9	ctp:CTRG_03960
C5MHD8	ctp:CTRG_05492
C5MDN5	ctp:CTRG_03787
C5MGE9	ctp:CTRG_05142
C5MF51	ctp:CTRG_04694
C5M988	ctp:CTRG_02960
C5MEK3	ctp:CTRG_04496
C5MFV0	ctp:CTRG_04943
C5MCW6	ctp:CTRG_04067
C5M8E0	ctp:CTRG_02662
C5MHM5	ctp:CTRG_05568
C5MBT3	ctp:CTRG_03525
C5MB70	ctp:CTRG_03312
C5MAF0	ctp:CTRG_03042
C5MB68	ctp:CTRG_03310
C5MGK7	ctp:CTRG_05200
C5M380	ctp:CTRG_00519
C5MJ41	ctp:CTRG_06084
C5M811	ctp:CTRG_02533
C5M613	ctp:CTRG_01294
C5MC74	ctp:CTRG_03666
C5MJA6	ctp:CTRG_06149
C5MIU8	ctp:CTRG_05991
C5M9W8	ctp:CTRG_02280
C5M595	ctp:CTRG_02073
C5M3X1	ctp:CTRG_00760
C5MIE5	ctp:CTRG_05838
C5MH83	ctp:CTRG_05437
C5MH87	ctp:CTRG_05441
C5M832	ctp:CTRG_02554
C5M303	ctp:CTRG_00442
C5M4U7	ctp:CTRG_01925
C5M8H8	ctp:CTRG_02700
C5M269	ctp:CTRG_00158
C5M9Y1	ctp:CTRG_02293
C5MGK5	ctp:CTRG_05198
C5M802	ctp:CTRG_02524
C5MFA1	ctp:CTRG_04744
B9WKJ9	cdu:CD36_25050
C5M3Y3	ctp:CTRG_00772
C5M3V2	ctp:CTRG_00741
C5MI67	ctp:CTRG_05760
C5MIV3	ctp:CTRG_05996
C5MHX3	ctp:CTRG_05666
C5M8I7	ctp:CTRG_02709
C5M2G6	ctp:CTRG_00255
C5M626	ctp:CTRG_01307
C5M2Y4	ctp:CTRG_00423
C5MC85	ctp:CTRG_03677
C5M608	ctp:CTRG_01289
C5MHC4	ctp:CTRG_05478
C5MDW9	ctp:CTRG_03871
G3AG09	spaa:SPAPADRAFT_133205
C5M481	ctp:CTRG_00870
C5MGF5	ctp:CTRG_05148
C5MJ39	ctp:CTRG_06082
C5M800	ctp:CTRG_02522
C5M211	ctp:CTRG_00100
C5M5N8	ctp:CTRG_01168
C5M7Y6	ctp:CTRG_02508
C5M206	ctp:CTRG_00095
C5M3G2	ctp:CTRG_00601
C5MFV5	ctp:CTRG_04948
C5MAE2	ctp:CTRG_03034
C5M9X1	ctp:CTRG_02283
C5MI60	ctp:CTRG_05753
C5MDY0	ctp:CTRG_03882
C5MHH9	ctp:CTRG_05533
C5M445	ctp:CTRG_00834
C5MD87	ctp:CTRG_04188
C5MGH3	ctp:CTRG_05166
C5MC42	ctp:CTRG_03634
C5MF42	ctp:CTRG_04685
C5M6D0	ctp:CTRG_01411
C5MJ56	ctp:CTRG_06099
C5MJH8	ctp:CTRG_06221
C5M454	ctp:CTRG_00843
C5M8H6	ctp:CTRG_02698
C5M5V1	ctp:CTRG_01232
C5MGD7	ctp:CTRG_05130
C5MJL2	ctp:CTRG_06255
C5MFZ2	ctp:CTRG_04985
C5M3K1	ctp:CTRG_00640
C5MJH6	ctp:CTRG_06219
C5M8W6	ctp:CTRG_02838
C5M593	ctp:CTRG_02071
C5MJ57	ctp:CTRG_06100
C5M9W9	ctp:CTRG_02281
C5MB60	ctp:CTRG_03302
C5MDF9	ctp:CTRG_04260
C5M546	ctp:CTRG_02024
C5MDR8	ctp:CTRG_03830
C5MDR8	ctp:CTRG_03820
C5M5Y9	ctp:CTRG_01270
C5MD32	ctp:CTRG_04133
C5MB61	ctp:CTRG_03303
C5MHC7	ctp:CTRG_05481
C5M5Z0	ctp:CTRG_01271
C5M8N8	ctp:CTRG_02760
C5MJB5	ctp:CTRG_06158
C5M486	ctp:CTRG_00875
C5M651	ctp:CTRG_01332
C5M4P8	ctp:CTRG_01038
C5MBN9	ctp:CTRG_03481
C5MD30	ctp:CTRG_04131
C5M973	ctp:CTRG_02945
C5M8I8	ctp:CTRG_02710
C5MIX0	ctp:CTRG_06013
C5M4Q0	ctp:CTRG_01040
C5MJ38	ctp:CTRG_06081
C5M925	ctp:CTRG_02897
C5M893	ctp:CTRG_02615
C5M3D1	ctp:CTRG_00570
C5MJK0	ctp:CTRG_06243
C5MFC0	ctp:CTRG_04763
C5ME66	ctp:CTRG_04358
C5M7Z3	ctp:CTRG_02515
C5MAT7	ctp:CTRG_03179
C5M8E8	ctp:CTRG_02670
B9WJS6	cdu:CD36_73100
C5MFA2	ctp:CTRG_04745
C5M1X4	ctp:CTRG_00063
C5M422	ctp:CTRG_00811
C5M3B4	ctp:CTRG_00553
C5M8I4	ctp:CTRG_02706
C5MA14	ctp:CTRG_02326
C5M4G8	ctp:CTRG_00958
C5MAW3	ctp:CTRG_03205
C5MGK4	ctp:CTRG_05197
C5MB55	ctp:CTRG_03297
C5M8T2	ctp:CTRG_02804
A5DVB2	lel:LELG_01298
C5M690	ctp:CTRG_01371
C5MIV4	ctp:CTRG_05997
C5MHI0	ctp:CTRG_05534
C5MB57	ctp:CTRG_03299
C5M3T9	ctp:CTRG_00728
C5MIP1	ctp:CTRG_05934
C5MCL0	ctp:CTRG_03961
C5MD29	ctp:CTRG_04130
C5M9X0	ctp:CTRG_02282
C5M8B0	ctp:CTRG_02632
C5MGW5	ctp:CTRG_05319
C5M8F7	ctp:CTRG_02679
K4AF90	sita:101780920
K3ZA87	sita:101753623
A0A0Q3RM98	bdi:100829437
C5MB95	ctp:CTRG_03337
C5MBV1	ctp:CTRG_03543
C5M6F9	ctp:CTRG_01440
C5M7F6	ctp:CTRG_01788
A3LZU3	pic:PICST_85570
C5MB56	ctp:CTRG_03298
K3YFV3	sita:101752753
C5M623	ctp:CTRG_01304
C5MFI2	ctp:CTRG_04825
C5MCS1	ctp:CTRG_04022
C5MHE6	ctp:CTRG_05500
C5M2G0	ctp:CTRG_00249
C5M2E4	ctp:CTRG_00233
K3Z4R4	sita:101754852
C5MD86	ctp:CTRG_04187
C5MJ36	ctp:CTRG_06079
C5M738	ctp:CTRG_01670
K3YSZ3	sita:101758685
C5M8Y1	ctp:CTRG_02853
C5M2R6	ctp:CTRG_00355
A5DZT8	lel:LELG_02875
C5MHJ0	ctp:CTRG_05544
K4A708	sita:101755406
C5MAN3	ctp:CTRG_03125
C5MES8	ctp:CTRG_04571
C5MGG2	ctp:CTRG_05155
C5M702	ctp:CTRG_01633
C5MA25	ctp:CTRG_02337
A5DJJ1	pgu:PGUG_03442
C5MFZ1	ctp:CTRG_04984
C5MC84	ctp:CTRG_03676
C5M678	ctp:CTRG_01359
C5M8C5	ctp:CTRG_02647
B9WEG3	cdu:CD36_85760
C5M2V0	ctp:CTRG_00389
C5M348	ctp:CTRG_00487
C5M5N4	ctp:CTRG_01164
G3B811	cten:CANTEDRAFT_95213
C5M5U3	ctp:CTRG_01224
C5M8W4	ctp:CTRG_02836
C5MIP0	ctp:CTRG_05933
K3ZIT8	sita:101772107
C5MB64	ctp:CTRG_03306
C5MGB7	ctp:CTRG_05110
C5MC91	ctp:CTRG_03683
C5MB53	ctp:CTRG_03295
K4AIK4	sita:101771233
C5M6I9	ctp:CTRG_01470
C5MI53	ctp:CTRG_05746
K3Z7C7	sita:101777816
K3Z4S7	sita:101753370
C5M996	ctp:CTRG_02968
C5MFI9	ctp:CTRG_04832
C5M9K7	ctp:CTRG_02169
C5MDP5	ctp:CTRG_03797
C5MDX0	ctp:CTRG_03872
C5M395	ctp:CTRG_00534
C5MH41	ctp:CTRG_05395
K4ABQ7	sita:101755675
K3ZAH6	sita:101778622
C5M3G1	ctp:CTRG_00600
C5M801	ctp:CTRG_02523
C5M2Z1	ctp:CTRG_00430
C5M6R0	ctp:CTRG_01541
C5M920	ctp:CTRG_02892
C5M224	ctp:CTRG_00113
C5MDR9	ctp:CTRG_03821
C5M8Y4	ctp:CTRG_02856
C5M4W3	ctp:CTRG_01941
C5M5S5	ctp:CTRG_01205
C5ME36	ctp:CTRG_04328
K3YTH5	sita:101773285
K4ACH9	sita:101764750
C5M584	ctp:CTRG_02062
C5M4Q1	ctp:CTRG_01041
C5M8W8	ctp:CTRG_02840
C5ME93	ctp:CTRG_04385
C5M7Y4	ctp:CTRG_02506
C5MJH9	ctp:CTRG_06222
B9WE03	cdu:CD36_84000
K4AED9	sita:101766913
K3YCI3	sita:101774143
K3XV33	sita:101752998
C5M986	ctp:CTRG_02958
C5MHS6	ctp:CTRG_05619
C5MI44	ctp:CTRG_05737
C5M6V8	ctp:CTRG_01589
Q49HD7	zma:732734
C5M3I1	ctp:CTRG_00620
K4A849	sita:101786582
K3YV35	sita:101764910
C5M5X9	ctp:CTRG_01260
C5M9S1	ctp:CTRG_02233
C5MDN4	ctp:CTRG_03786
K3XDZ0	sita:101766656
C5MCV5	ctp:CTRG_04056
C5MG51	ctp:CTRG_05044
C5MFX4	ctp:CTRG_04967
K3XYM4	sita:101772953
C5M9A8	ctp:CTRG_02980
C5M8H7	ctp:CTRG_02699
C5MBI5	ctp:CTRG_03427
C5MCK8	ctp:CTRG_03959
A5DCX1	pgu:PGUG_01126
C5MHC3	ctp:CTRG_05477
C5M995	ctp:CTRG_02967
A5DDX9	pgu:PGUG_01480
C5M1R2	ctp:CTRG_00001
C5M4U8	ctp:CTRG_01926
C5M4I6	ctp:CTRG_00976
C5M4H8	ctp:CTRG_00968
C5M4B2	ctp:CTRG_00902
C5MDN9	ctp:CTRG_03791
K3XJ16	sita:101777316
C5MCQ1	ctp:CTRG_04002
C5MAW6	ctp:CTRG_03208
A5E235	lel:LELG_03672
C5M7V3	ctp:CTRG_02475
C5MBW3	ctp:CTRG_03555
C5ME85	ctp:CTRG_04377
C5M492	ctp:CTRG_00881
C5M9M6	ctp:CTRG_02188
C5M5H9	ctp:CTRG_01109
C5MFA4	ctp:CTRG_04747
K3Z3D8	sita:101765233
C5MIY1	ctp:CTRG_06024
K3Y7H9	sita:101767666
Q5AJD9	cal:CaO19.1652
Q5AJD9	cal:CaO19.9221
C5MF50	ctp:CTRG_04693
C5M545	ctp:CTRG_02023
K3XI36	sita:101756518
C5MCW2	ctp:CTRG_04063
C5M975	ctp:CTRG_02947
C5MAW2	ctp:CTRG_03204
K3XY32	sita:101782412
K3YS67	sita:101780184
K4AJD2	sita:101779081
C5M4A0	ctp:CTRG_00890
C5MGI1	ctp:CTRG_05174
C5MG46	ctp:CTRG_05039
C5MEX2	ctp:CTRG_04615
C5MBL9	ctp:CTRG_03461
C5MBM9	ctp:CTRG_03471
K4ADR5	sita:101780258
K3ZRQ0	sita:101769816
C5MJ13	ctp:CTRG_06056
C5MFU3	ctp:CTRG_04936
C5M789	ctp:CTRG_01721
C5M7Z4	ctp:CTRG_02516
Q6YXZ7	osa:4328251
C5M8T5	ctp:CTRG_02807
C5MCA5	ctp:CTRG_03697
K3ZQ20	sita:101769688
K3XEP4	sita:101752864
K3Y6X6	sita:101753055
K3XVG9	sita:101772949
K3Y7V6	sita:101755077
C5MFT4	ctp:CTRG_04927
I1GS26	bdi:100826913
K3Y5I5	sita:101772896
K3XHS1	sita:106804318
V2X6I6	mrr:Moror_16215
K3ZHI8	sita:101770641
K4AGT3	sita:101768660
K3XTE5	sita:101756797
C5YJH7	sbi:SORBI_07g007730
B9W6J0	cdu:CD36_00320
C5M7H4	ctp:CTRG_01806
C5XWN3	sbi:SORBI_04g038070
K4A593	sita:101762554
K4A968	sita:101754873
C5M6L0	ctp:CTRG_01491
K3XUY7	sita:101786455
C5MFK3	ctp:CTRG_04846
C5M5S2	ctp:CTRG_01202
C5M672	ctp:CTRG_01353
G3AVU1	spaa:SPAPADRAFT_63610
C5MD55	ctp:CTRG_04156
C0HFL0	zma:100304421
C5MC71	ctp:CTRG_03663
C5MGG9	ctp:CTRG_05162
C5MDF0	ctp:CTRG_04251
C5M9G0	ctp:CTRG_03032
C5M804	ctp:CTRG_02526
K3ZQ97	sita:101786645
C5M3J9	ctp:CTRG_00638
C5MDF1	ctp:CTRG_04252
C5M854	ctp:CTRG_02576
C5MBT4	ctp:CTRG_03526
K3XEL3	sita:101767615
K3YFV9	sita:101774231
Q8LNH6	osa:4349023
C5MB21	ctp:CTRG_03263
A5DZM4	lel:LELG_02811
C5MDX9	ctp:CTRG_03881
C5MBH8	ctp:CTRG_03420
K3ZIJ3	sita:101772790
C5M9T6	ctp:CTRG_02248
K3ZVA0	sita:101762507
C5MC02	ctp:CTRG_03594
Q7EZD7	osa:4342198
C5MBN6	ctp:CTRG_03478
A0A0K1NG59	oto:ADJ79_05350
C5M4C2	ctp:CTRG_00912
C5MFZ8	ctp:CTRG_04991
C5MJ69	ctp:CTRG_06112
K4A8Q2	sita:101767191
K3Y9G5	sita:101764409
C5XAQ2	sbi:SORBI_02g035280
A0A0Q3KNP3	bdi:100843123
C5MI49	ctp:CTRG_05742
C5MJL1	ctp:CTRG_06254
C5M5N5	ctp:CTRG_01165
C5MH40	ctp:CTRG_05394
C5MD33	ctp:CTRG_04134
C5M5E8	ctp:CTRG_01078
C5MFA3	ctp:CTRG_04746
C5MA99	ctp:CTRG_02411
A0A0G3IN71	mye:AB431_18390
C5MAI5	ctp:CTRG_03077
C5M7Y7	ctp:CTRG_02509
K3Z4U4	sita:101777808
C5YCM0	sbi:SORBI_06g001980
C5ME41	ctp:CTRG_04333
C5M4P9	ctp:CTRG_01039
C5M4Z7	ctp:CTRG_01975
Q6BIX9	dha:DEHA2G06776g
C5M3K5	ctp:CTRG_00644
K3XW25	sita:101754332
C5MDP0	ctp:CTRG_03792
C5MGZ0	ctp:CTRG_05344
C5M991	ctp:CTRG_02963
K3ZZ73	sita:101770082
C5M5A5	ctp:CTRG_02083
C5M2V6	ctp:CTRG_00395
C5M7M3	ctp:CTRG_01855
C5MJK7	ctp:CTRG_06250
C5M3E5	ctp:CTRG_00584
C5M5Y1	ctp:CTRG_01262
I1HM71	bdi:100828784
C5MAC9	ctp:CTRG_02441
K4A4U0	sita:101760538
Q67TR8	osa:4347252
K3ZR28	sita:101778058
K3Z4V3	sita:101759298
C5M2K3	ctp:CTRG_00292
C5M367	ctp:CTRG_00506
C5MIS8	ctp:CTRG_05971
C5MBX3	ctp:CTRG_03565
C5MIY3	ctp:CTRG_06026
C5MD48	ctp:CTRG_04149
C5MD66	ctp:CTRG_04167
C5M421	ctp:CTRG_00810
K3YVB0	sita:101756397
K3Y124	sita:101759874
C5MCU0	ctp:CTRG_04041
C5M4E9	ctp:CTRG_00939
A7KVC2	zma:100125659
C5MCG7	ctp:CTRG_03918
C5MDU6	ctp:CTRG_03848
K3Y673	sita:101761287
A0A072VLT6	mtr:MTR_1g078380
B9W7K4	cdu:CD36_04050
K3ZST8	sita:101752498
C5MJI9	ctp:CTRG_06232
K3YJM9	sita:101756270
J3LP14	obr:102720777
K3XV72	sita:101785912
K4AL86	sita:101786570
C5M3M1	ctp:CTRG_00660
C5M3Y2	ctp:CTRG_00771
C5M4U5	ctp:CTRG_01923
K3Y9I9	sita:101758994
C5M773	ctp:CTRG_01705
K3YP71	sita:101772985
C5MC72	ctp:CTRG_03673
C5MC72	ctp:CTRG_03664
K4AET3	sita:101766640
K3ZU47	sita:101769016
C5MF85	ctp:CTRG_04728
C5MCS8	ctp:CTRG_04029
C5MH90	ctp:CTRG_05444
C5M3D3	ctp:CTRG_00572
C5M9C3	ctp:CTRG_02995
C5M9A0	ctp:CTRG_02972
C5M2K2	ctp:CTRG_00291
K3Y678	sita:101776289
A5E094	lel:LELG_03031
C5MI58	ctp:CTRG_05751
K3YG88	sita:101760451
C5M8S0	ctp:CTRG_02792
C5MFR6	ctp:CTRG_04909
Q6K949	osa:4330001
K3ZNI6	sita:101782649
D3GVC7	elo:EC042_0539
K3ZHT9	sita:101777664
K3Z3F1	sita:101780497
C5MGH0	ctp:CTRG_05163
C5M405	ctp:CTRG_00794
I1GLG8	bdi:100845467
C5M208	ctp:CTRG_00097
C5MD21	ctp:CTRG_04122
K3YTG6	sita:101778974
K3Y8F8	sita:101757505
K4A1Y0	sita:101768350
C5MJ22	ctp:CTRG_06065
K3XEU9	sita:101783133
C5M5P6	ctp:CTRG_01176
C5MHH7	ctp:CTRG_05531
C5MHJ4	ctp:CTRG_05548
C5M7B3	ctp:CTRG_01745
C5M579	ctp:CTRG_02057
K3YPA0	sita:101785421
K3Y5M5	sita:101777518
C5MAW7	ctp:CTRG_03209
K3XFP7	sita:101769762
K3Y897	sita:101774546
K3YUZ5	sita:101775443
C5MHC8	ctp:CTRG_05482
C5M813	ctp:CTRG_02535
C5MCD7	ctp:CTRG_03729
C5ME67	ctp:CTRG_04359
C5MHI1	ctp:CTRG_05535
C5M9W7	ctp:CTRG_02279
C5MBG3	ctp:CTRG_03405
K3XX12	sita:101785379
K3Z657	sita:101785474
C5MCD8	ctp:CTRG_03730
C5MGD9	ctp:CTRG_05132
K3Y6Q2	sita:101781954
C5M5P0	ctp:CTRG_01170
C5MJ58	ctp:CTRG_06101
J3M0L1	obr:102706836
K3Z942	sita:101757652
A0A0N1RYY6	paq:PAGR_g3504
D4GJQ1	pam:PANA_0694
K3ZEJ0	sita:101784284
C5M3D0	ctp:CTRG_00569
K3Y5C5	sita:101755202
K3XY85	sita:101783109
B4FNQ6	zma:100272454
C5M3D5	ctp:CTRG_00574
A5E208	lel:LELG_03645
C5MJ51	ctp:CTRG_06094
K3XVC1	sita:101769347
C5MHR9	ctp:CTRG_05612
K3Z6M2	sita:101770931
C5M3F0	ctp:CTRG_00589
Q84YF1	sbi:SORBI_08g002290
C0PG74	zma:100383468
A0A072VJK6	mtr:MTR_1g054715
C5MH61	ctp:CTRG_05415
K4AD17	sita:101785639
C5M924	ctp:CTRG_02896
K3ZSC8	sita:101762098
K3YMD5	sita:101760209
K3Y7N8	sita:101784922
C4J8S7	zma:100502152
C5YPU5	sbi:SORBI_08g018330
K4A837	sita:101765401
K3XIG4	sita:101780428
J3LN30	obr:102699386
C5MHH5	ctp:CTRG_05529
C5M3Y4	ctp:CTRG_00773
K3ZD36	sita:101777568
K4A885	sita:101754197
C5MFC7	ctp:CTRG_04770
C5M5C9	ctp:CTRG_02107
C5MDW8	ctp:CTRG_03870
B4FDL9	zma:100193052
B4FZU8	zma:100274264
K3YRF5	sita:101778564
B6TZ34	zma:100284951
I1GNM8	bdi:104582483
C5X0Y2	sbi:SORBI_01g049240
C5XZ01	sbi:SORBI_04g008750
C5M6K1	ctp:CTRG_01482
K4A7H7	sita:101774298
K3YZ71	sita:101759930
C5M3E1	ctp:CTRG_00580
K3XWV7	sita:101769603
C5MFT1	ctp:CTRG_04924
C5YQ25	sbi:SORBI_08g000555
B9WDZ1	cdu:CD36_83870
C5MHY3	ctp:CTRG_05676
C5M8P6	ctp:CTRG_02768
K3ZR51	sita:101757780
C5X9N4	sbi:SORBI_02g003380
C5ME16	ctp:CTRG_04308
C5YIH2	sbi:SORBI_07g005800
C5MC56	ctp:CTRG_03648
K3Z5T3	sita:101772400
K3ZQ92	sita:101758988
K3XH06	sita:101753692
K3Y767	sita:101757501
K4A4S6	sita:101778793
K3XJJ7	sita:101761390
C5M8I3	ctp:CTRG_02705
K3XYG6	sita:101753247
K3XWA2	sita:101765811
I1I3X4	bdi:100845819
K4A567	sita:101761209
B6U0J9	zma:100285072
Q2QMX9	osa:4352664
C5M923	ctp:CTRG_02895
K3ZQU5	sita:101775199
K3ZR17	sita:101764527
K3Y782	sita:101780602
K3YC01	sita:101779140
K3Z8V3	sita:106804238
K3YMN3	sita:101775584
B7ZZ11	zma:100279604
C5MGD4	ctp:CTRG_05127
C5M9R9	ctp:CTRG_02231
C5MJ40	ctp:CTRG_06083
K3ZHL4	sita:101756442
K3XWJ8	sita:101784847
C5MBF9	ctp:CTRG_03401
C5M3C6	ctp:CTRG_00565
K3XUZ7	sita:101753251
K3ZQI0	sita:101766992
K3XUS6	sita:101775958
A0A0Q3LGJ1	bdi:100833115
Q2QM64	osa:4352794
C5MJ37	ctp:CTRG_06080
K3YJ97	sita:101776397
K4A9M5	sita:101780933
K3Y292	sita:101776763
Q8K9Y8	bas:BUsg_146
K3YP85	sita:101773704
K4A9I3	sita:101784978
K3Z684	sita:101759562
C5M649	ctp:CTRG_01330
C5M649	ctp:CTRG_01336
K3ZHQ8	sita:101773619
C5MDN0	ctp:CTRG_03782
K4A7U9	sita:101785510
K3XEM3	sita:101758683
K3ZQ39	sita:101783040
K3YRV4	sita:101769932
K4AL50	sita:101773081
A5DNF8	pgu:PGUG_04809
C5MFZ3	ctp:CTRG_04986
K3Y5Q8	sita:101780218
Q2RB27	osa:4349656
K3XDS5	sita:101784057
C5MBC5	ctp:CTRG_03367
C5M9C4	ctp:CTRG_02996
C5M8Y2	ctp:CTRG_02854
K3Z5C8	sita:101761715
K3ZS45	sita:101767255
C5M470	ctp:CTRG_00859
C5MCN4	ctp:CTRG_03985
C5MC44	ctp:CTRG_03636
C5MHI9	ctp:CTRG_05543
K3YQE6	sita:101764106
K3YH53	sita:101758430
K4A4Z9	sita:101779721
C5YJ58	sbi:SORBI_07g028153
K3YM02	sita:101764236
K3ZX66	sita:105913557
C5MF97	ctp:CTRG_04740
C5M4A4	ctp:CTRG_00894
K3XDX3	sita:101785005
C5Y9M2	sbi:SORBI_06g031660
K3ZET3	sita:101785344
K3YRP5	sita:101783147
C5MH05	ctp:CTRG_05359
Q84TA1	osa:4334598
K3XH05	sita:101765292
C5MIV6	ctp:CTRG_05999
C5M808	ctp:CTRG_02530
K3Y631	sita:101782216
C5MI78	ctp:CTRG_05771
K3XXS9	sita:101781082
C5MA62	ctp:CTRG_02374
C5MJ55	ctp:CTRG_06098
K3XIT1	sita:101770983
K3XIV6	sita:101760834
K4AC16	sita:101760397
K3Y4M4	sita:101781548
C5M990	ctp:CTRG_02962
K3YG11	sita:101757086
C5MGW4	ctp:CTRG_05318
C5Z998	sbi:SORBI_10g029260
K3XH92	sita:101763688
K7U2E4	zma:103641531
K3XGV5	sita:101768416
Q96W54	cal:CaO19.6265
Q96W54	cal:CaO19.13644
K4A707	sita:101782398
C5M3N8	ctp:CTRG_00677
K3Z399	sita:101762676
K3ZIY6	sita:101781566
K3Y5X8	sita:101773588
B4FWB9	zma:100273569
K3YN97	sita:101757093
K3XIT9	sita:101773397
K4A1G3	sita:101755749
K3Y9T8	sita:101762773
K3YEL7	sita:101757647
K4A507	sita:101772271
K3ZQQ9	sita:101769814
Q59VN4	cal:CaO19.9412
Q59VN4	cal:CaO19.1059
Q59VN4	cal:CaO19.8661
Q59VN4	cal:CaO19.1854
K3XY59	sita:101784852
B4FYQ7	zma:100274039
K3Z357	sita:101765127
K3ZHU8	sita:101779436
K3ZQZ7	sita:101777665
C5MHC6	ctp:CTRG_05480
C5MCG2	ctp:CTRG_03913
C5M9R7	ctp:CTRG_02229
K3XSF3	sita:101782989
K3Z545	sita:101773348
K3Z606	sita:101766880
K3XI90	sita:101772984
K3Y7X2	sita:101752767
C0P4H8	zma:100382112
K3ZHR3	sita:101770386
K4A8C2	sita:101777831
C5M8W5	ctp:CTRG_02837
K3ZQB7	sita:101785318
K4A783	sita:101768773
C5M703	ctp:CTRG_01634
B9WDZ3	cdu:CD36_83890
K3Z6R5	sita:101756593
K4A615	sita:101786954
C5XJ23	sbi:SORBI_03g033640
K4A540	sita:101774300
C5M5U4	ctp:CTRG_01225
C5M5U4	ctp:CTRG_01258
K3ZQN3	sita:101771676
K4A7I4	sita:101786301
K4ACK4	sita:101758359
K3ZH36	sita:101771830
K3YPS3	sita:101769104
C5YCN5	sbi:SORBI_06g002080
C5M4W6	ctp:CTRG_01944
C5MB49	ctp:CTRG_03291
K3YTF1	sita:101766536
K3Z3U6	sita:101785471
K3Y9L7	sita:101756304
K3Z4X2	sita:101772411
K3Z5Y5	sita:101765649
C5MGZ1	ctp:CTRG_05345
C5MCA6	ctp:CTRG_03698
C5MC97	ctp:CTRG_03689
K3Z3T6	sita:101785224
C5MBQ3	ctp:CTRG_03495
K3XK60	sita:101773256
K3YU41	sita:101775162
K3XEC9	sita:101776382
K4AMJ2	sita:101764041
C5M4Y9	ctp:CTRG_01967
C5MGF0	ctp:CTRG_05143
K3XWR9	sita:101785105
K3ZU09	sita:101784795
K3XHY2	sita:101775826
A0A096QRT2	zma:103627366
C5YSB3	sbi:SORBI_08g004125
C5MB97	ctp:CTRG_03339
K3XDZ6	sita:101770185
K3ZHB0	sita:101767154
K3Z6D2	sita:101756599
K3XJ47	sita:101781909
C5YE56	sbi:SORBI_06g025980
K3Y4V5	sita:101761823
B4FBV8	zma:100192580
I1J3K8	bdi:100824553
C5Z1W2	sbi:SORBI_10g030220
C5M688	ctp:CTRG_01369
C5M6S4	ctp:CTRG_01555
K3XFZ7	sita:101764891
K4AMK8	sita:101756196
K3XE44	sita:101782572
C5M5Z2	ctp:CTRG_01273
K3XUW3	sita:101783914
K3XJE7	sita:101769493
K3Y359	sita:101773648
K3Y1H7	sita:101760543
K3Y3N3	sita:101754482
K4A510	sita:101765677
K4ACD7	sita:101756211
K4A6C8	sita:101785108
C5M3A8	ctp:CTRG_00547
C5XXR6	sbi:SORBI_04g026320
K4AF67	sita:101781861
K3Z4V9	sita:101754440
K3Y717	sita:101753179
C5MGB2	ctp:CTRG_05105
K3Z0J0	sita:101767376
K3XED1	sita:101762322
C5MA65	ctp:CTRG_02377
K3Z5H9	sita:101786945
K4A5E7	sita:101782673
C0HG48	zma:100285422
K3Z3T4	sita:101769575
C5WWI9	sbi:SORBI_01g032340
C5M894	ctp:CTRG_02643
C5M894	ctp:CTRG_02616
C5MDS6	ctp:CTRG_03828
K3YPX7	sita:101783671
K3Z8H0	sita:101756330
K3Z3D7	sita:101777964
C5M6W3	ctp:CTRG_01594
K3YSH7	sita:101762891
C5MBM8	ctp:CTRG_03470
K3XVD5	sita:101774182
K3XGB3	sita:101754751
C5M640	ctp:CTRG_01321
C5M4L2	ctp:CTRG_01002
C5Z0X5	sbi:SORBI_09g025470
K3YZN0	sita:101760991
B6TJN8	zma:100283581
A0A0H3KY82	paj:PAJ_1923
A0A0N1RU46	paq:PAGR_g1393
D4GJ52	pam:PANA_2635
K3XLC1	sita:101770436
K3Y7K3	sita:101781158
C5XJR8	sbi:SORBI_03g013450
K3XJ72	sita:101786070
C5MD38	ctp:CTRG_04139
K4A7G6	sita:101785488
K3Y4Q8	sita:101758192
K3ZQB1	sita:101755884
K3YC63	sita:101779020
K3Z5Y3	sita:101753618
C5M9V0	ctp:CTRG_02262
C5M6Q8	ctp:CTRG_01539
K3XE36	sita:101759633
E0VKF0	phu:Phum_PHUM262610
K7V3P1	zma:103636522
C5MGA3	ctp:CTRG_05096
K3YQ54	sita:101779520
K3XZB4	sita:101777443
K3Y1J1	sita:101766357
K3XHG1	sita:101752479
C5MGD8	ctp:CTRG_05131
C5M266	ctp:CTRG_00155
K3YSR3	sita:101761129
K3XE00	sita:101765569
K3ZRM2	sita:101760213
K3YGZ9	sita:101781133
K4AA69	sita:101758255
K3ZQU6	sita:101779000
G7J0Z7	mtr:MTR_3g035620
K3YWK3	sita:101767624
K4AEZ0	sita:101773492
K3ZR05	sita:101766420
K3XGJ4	sita:101766804
Q8KA49	bas:BUsg_062
K3YPA6	sita:101785827
C5M509	ctp:CTRG_01987
C5M6R9	ctp:CTRG_01550
K3Z7C0	sita:101767689
K3XJ94	sita:101776229
G3AFL8	spaa:SPAPADRAFT_53368
K3YJB7	sita:101779782
K4AC70	sita:101784571
I1GTI3	bdi:100834994
C0PGU4	zma:100383541
K4AAZ7	sita:101779860
K3YQZ8	sita:101753142
C5MGB9	ctp:CTRG_05112
K3YMX3	sita:101756547
C6BCY9	rpf:Rpic12D_2428
K3Z5D3	sita:101757405
C5MAT9	ctp:CTRG_03181
C5M972	ctp:CTRG_02944
C0HDS7	zma:100304216
C5XA09	sbi:SORBI_02g034720
K3ZS35	sita:101784786
B9ESX6	osa:4324505
C5M9L5	ctp:CTRG_02177
I1IJ05	bdi:100839238
K4A545	sita:101776185
K3Z4R1	sita:101773763
K4ABM3	sita:101754854
C5MHQ8	ctp:CTRG_05601
C5M4F2	ctp:CTRG_00942
K3YRS9	sita:101777323
C5M510	ctp:CTRG_01988
K3XXQ8	sita:101772021
C5MJJ0	ctp:CTRG_06233
K3YG26	sita:101778990
K3YVI3	sita:101770874
K3Y742	sita:101784382
K3YCT2	sita:101759143
C5MGV2	ctp:CTRG_05306
K3Z6L3	sita:101764837
K3ZHD9	sita:101759434
K3ZJF4	sita:101760368
K3XEQ4	sita:101786357
B6TZ40	zma:100284953
K3Y881	sita:101766030
C0PCF2	zma:100284783
C0PCF2	zma:103652856
K3XYD4	sita:101771218
A0A072URG7	mtr:MTR_4g119422
K3XEC4	sita:101782567
K4A596	sita:101763676
K3YQB0	sita:101763692
K3Z5D2	sita:101752682
K3XE30	sita:101755300
K3XKB2	sita:101776095
C5M4U4	ctp:CTRG_01922
K3YH67	sita:101756539
K3Y5W3	sita:101766443
K3Y576	sita:105914855
K3XIY9	sita:101776100
K4AA34	sita:101773511
C5MAE6	ctp:CTRG_03038
K3YE25	sita:101755770
K3XE81	sita:101779613
B6UDC6	zma:100286027
K4A5M0	sita:101756871
K3Z3C9	sita:101762140
K3ZVA6	sita:101762108
K3Y560	sita:101775462
K3Z6D3	sita:101752680
K3XQP8	sita:101775722
K4A8T2	sita:101762444
K3Y370	sita:101770965
K3XF99	sita:101780559
K3ZTL7	sita:101755204
K3XV88	sita:101754478
K4A6N9	sita:101774858
K3YGQ7	sita:101756953
C5MBP1	ctp:CTRG_03483
C5MDF2	ctp:CTRG_04253
K3ZXV5	sita:101767128
K4A5Y3	sita:101756890
K3XE29	sita:101772452
K3XWF4	sita:101774990
K3XGI2	sita:101755168
K3XXR0	sita:101767983
K4A959	sita:101781593
K3Z3A2	sita:101784941
K4A459	sita:101762096
B4F9L1	zma:100191644
K3Y6D5	sita:101781825
C5MDC3	ctp:CTRG_04224
C5MDF8	ctp:CTRG_04259
K4ADX1	sita:101761469
K4AF75	sita:101776591
K3Y530	sita:101771284
K3ZRR4	sita:101759129
K3XEQ7	sita:101773948
K4AL72	sita:101758510
K3Y1B3	sita:101778787
C5XJZ6	sbi:SORBI_03g034230
C0PM68	zma:100384169
K3Y871	sita:101770781
K3ZDH2	sita:101781463
K3YCR2	sita:101753059
A5DUL2	lel:LELG_01048
K3Y4T2	sita:101779541
K3YGY5	sita:101756280
C5MCY0	ctp:CTRG_04081
K4AEP4	sita:101784719
C5MIU2	ctp:CTRG_05985
A0A0Q3GU67	bdi:100832385
K3ZI61	sita:101767550
K3YPQ2	sita:101761128
C5M585	ctp:CTRG_02063
C5Z5B1	sbi:SORBI_10g004990
C5MG59	ctp:CTRG_05052
C5M884	ctp:CTRG_02606
K4AB74	sita:101756199
C5MFU6	ctp:CTRG_04939
K4ADU6	sita:101759719
K3XEE4	sita:101765702
C5MHI8	ctp:CTRG_05542
K3YSW5	sita:101753287
K3ZIB1	sita:101786013
K3ZWH0	sita:101786655
K3XGC7	sita:101787003
K3Y7I3	sita:101777517
C5M661	ctp:CTRG_01342
K3Y841	sita:101778464
K3Y972	sita:101773736
K3YQT0	sita:101765060
C5MJK4	ctp:CTRG_06247
K3XFP8	sita:101768557
A0A0U4WB00	por:APT59_13665
K3ZVN9	sita:101783445
K3YP86	sita:101760993
K4A9N3	sita:101781343
K3ZR06	sita:101754021
K4ABH7	sita:101772270
K3Z4X4	sita:101755650
K3Z4R6	sita:101767561
A0A0H3L0U2	paj:PAJ_2829
A0A0N1RRN4	paq:PAGR_g0428
D4GCG1	pam:PANA_3605
K4A692	sita:101772029
K3YUG6	sita:101776250
C5YEV2	sbi:SORBI_06g014260
C5M366	ctp:CTRG_00505
K3YDF1	sita:101755481
K3ZHQ6	sita:101762944
K3ZQV5	sita:101781273
K3Y946	sita:101786665
K3YRK7	sita:101780970
K3Y5T7	sita:101784917
K3Y5N9	sita:101775062
K3YQM0	sita:101765177
K4A571	sita:101778647
K3XZN7	sita:101765260
K3XV75	sita:101770690
K3XG41	sita:101760584
K4AC83	sita:101776483
C5MCN6	ctp:CTRG_03987
C5M1W2	ctp:CTRG_00051
K4AJQ5	sita:101760825
K4ACV9	sita:105913503
K3ZPX9	sita:101777112
C5MAM3	ctp:CTRG_03115
K4A7S9	sita:101780657
C5MHI4	ctp:CTRG_05538
C5XMJ3	sbi:SORBI_03g037470
K3YPX2	sita:101766002
C5MB33	ctp:CTRG_03275
K3XI15	sita:101755023
K3XVN3	sita:101784034
C5M671	ctp:CTRG_01352
K3XXE4	sita:101753515
K3XG44	sita:101776105
C0P3N0	zma:100382014
K3YYV4	sita:101775037
K3XG88	sita:101763537
K3YLI0	sita:101754787
K7UWQ3	zma:103635788
K3XUQ8	sita:101758916
C5XLL3	sbi:SORBI_03g036110
K3YRF3	sita:101763694
A0A0Q3HAX8	bdi:100831289
K3Y861	sita:101756423
B6SWZ1	zma:100281616
C5M7D2	ctp:CTRG_01764
K4AE40	sita:101775665
C5M5M5	ctp:CTRG_01155
K3ZJ56	sita:101781299
K3Y786	sita:101769551
K3ZHA8	sita:101773610
K3XXP1	sita:101777281
K3YIA1	sita:101762346
K3XXG1	sita:101758790
K4A4U3	sita:101768779
K3Y969	sita:101754016
K3XXJ0	sita:105914251
K3XEV8	sita:101768964
K3XVL1	sita:101776476
K3XFA6	sita:101770565
K3Y6Q7	sita:101770909
K3XHJ2	sita:101765840
K3XVT5	sita:101771479
B4FXQ3	zma:100273837
C5XA46	sbi:SORBI_02g035030
K3XZT2	sita:101783229
K3ZJF0	sita:101777130
K3ZQP2	sita:101756974
C5MHP7	ctp:CTRG_05590
C5MHX4	ctp:CTRG_05667
K3XGJ3	sita:101758808
K4AK60	sita:101770684
C5MCS9	ctp:CTRG_04030
K4AF95	sita:101761070
C5YZZ8	sbi:SORBI_09g003430
K3ZHC1	sita:101756847
C5YHB7	sbi:SORBI_07g003980
K3XEI5	sita:101756243
V7C234	pvu:PHAVU_004G108800g
K3YMJ4	sita:101776664
K3XS23	sita:101756933
C5M265	ctp:CTRG_00154
K3XVB1	sita:101762026
K3Z5D5	sita:101765240
K3ZRN7	sita:101779138
K3Y8G2	sita:101770896
C5M8W7	ctp:CTRG_02839
B9WHT3	cdu:CD36_53500
K3XE84	sita:101772579
I1IGJ7	bdi:100835462
K4A7E2	sita:101784015
C5MI84	ctp:CTRG_05777
K3ZRZ7	sita:101756159
C5MJJ9	ctp:CTRG_06242
K3XEK3	sita:101785396
G3AFQ9	spaa:SPAPADRAFT_58182
B9WBB7	cdu:CD36_19070
K4A745	sita:101763651
C5MCY8	ctp:CTRG_04089
C5MHI6	ctp:CTRG_05540
C5M2P7	ctp:CTRG_00336
C5M2Y3	ctp:CTRG_00422
C5MDX8	ctp:CTRG_03880
C5MF43	ctp:CTRG_04686
C5M6S5	ctp:CTRG_01556
C5M6R1	ctp:CTRG_01542
C5MBT5	ctp:CTRG_03527
C5M271	ctp:CTRG_00160
C5MB32	ctp:CTRG_03274
C5MIE4	ctp:CTRG_05837
C5MAQ3	ctp:CTRG_03145
C5ME84	ctp:CTRG_04376
C5MEW0	ctp:CTRG_04603
C5MA56	ctp:CTRG_02368
C5MGF4	ctp:CTRG_05175
C5MGF4	ctp:CTRG_05147
C5MEN9	ctp:CTRG_04542
C5MEN9	ctp:CTRG_04532
C5M2J6	ctp:CTRG_00285
C5M8Q0	ctp:CTRG_02772
C5MD83	ctp:CTRG_04184
C5MB54	ctp:CTRG_03296
C5M9V1	ctp:CTRG_02263
C5MDG2	ctp:CTRG_04263
C5MHH4	ctp:CTRG_05528
C5M3G0	ctp:CTRG_00599
C5M2P8	ctp:CTRG_00337
C5M9P6	ctp:CTRG_02208
C5MB48	ctp:CTRG_03290
C5MB71	ctp:CTRG_03313
C5M519	ctp:CTRG_01997
C5MFV4	ctp:CTRG_04947
C5M888	ctp:CTRG_02610
C5MA50	ctp:CTRG_02362
C5MEP0	ctp:CTRG_04533
C5MIQ9	ctp:CTRG_05952
C5M3I0	ctp:CTRG_00619
C5MDG1	ctp:CTRG_04262
C5M7U0	ctp:CTRG_02462
C5MGD6	ctp:CTRG_05129
C5MCI1	ctp:CTRG_03932
C5MAS9	ctp:CTRG_03171
C5MHH3	ctp:CTRG_05527
C5M8W9	ctp:CTRG_02841
C5MJ42	ctp:CTRG_06085
C5M650	ctp:CTRG_01331
C5M650	ctp:CTRG_01335
C5MCW3	ctp:CTRG_04064
C5MCI3	ctp:CTRG_03934
C5MCI3	ctp:CTRG_03940
C5MIE3	ctp:CTRG_05836
C5MD36	ctp:CTRG_04137
C5MCW7	ctp:CTRG_04068
C5M440	ctp:CTRG_00829
C5MHC1	ctp:CTRG_05475
C5M4M5	ctp:CTRG_01015
C5MJ70	ctp:CTRG_06113
C5MJB6	ctp:CTRG_06159
C5M3U9	ctp:CTRG_00738
C5M6P0	ctp:CTRG_01521
Q59TC4	cal:CaO19.11982
Q59TC4	cal:CaO19.4506
C5M8W3	ctp:CTRG_02835
C5MDP6	ctp:CTRG_03798
C5M9R3	ctp:CTRG_02244
C5M9R3	ctp:CTRG_02225
C5MDA0	ctp:CTRG_04201
C5MEX1	ctp:CTRG_04614
C5MFZ4	ctp:CTRG_04987
C5MCG1	ctp:CTRG_03912
C5MHM9	ctp:CTRG_05572
C5M394	ctp:CTRG_00533
C5MEV9	ctp:CTRG_04602
C5MIP2	ctp:CTRG_05935
C5MIW9	ctp:CTRG_06012
C5MJ21	ctp:CTRG_06064
C5MIM5	ctp:CTRG_05918
C5M4B9	ctp:CTRG_00909
C5M508	ctp:CTRG_01986
C5MI61	ctp:CTRG_05754
C5MIL2	ctp:CTRG_05905
C5MD31	ctp:CTRG_04132
C5M7Z2	ctp:CTRG_02514
C5MFZ9	ctp:CTRG_04992
C5M1U2	ctp:CTRG_00031
C5M7K1	ctp:CTRG_01833
C5M7K1	ctp:CTRG_03180
C5M648	ctp:CTRG_01329
C5M439	ctp:CTRG_00828
B9WCA9	cdu:CD36_22520
C5M878	ctp:CTRG_02600
C5MGB3	ctp:CTRG_05106
C5MDE9	ctp:CTRG_04250
C5MEQ1	ctp:CTRG_04544
C5MA13	ctp:CTRG_02325
C5MBC9	ctp:CTRG_03371
C5M547	ctp:CTRG_02025
C5M498	ctp:CTRG_00888
C5MAE5	ctp:CTRG_03037
C5M268	ctp:CTRG_00157
C5M268	ctp:CTRG_00161
A5DTA3	lel:LELG_00589
A5DTA3	lel:LELG_02340
C5M7F5	ctp:CTRG_01787
C5MJH7	ctp:CTRG_06220
C5M4W7	ctp:CTRG_01945
C5MGE0	ctp:CTRG_05133
C5MBX2	ctp:CTRG_03564
C5M3K2	ctp:CTRG_00641
C5M974	ctp:CTRG_02946
C5M4Y4	ctp:CTRG_01962
C5MIV7	ctp:CTRG_06000
C5MEX0	ctp:CTRG_04613
C5M8C9	ctp:CTRG_02651
C5M3D2	ctp:CTRG_00571
C5MC41	ctp:CTRG_03633
C5M8P2	ctp:CTRG_02764
C5M2Y2	ctp:CTRG_00421
C5MEN8	ctp:CTRG_04543
C5MEN8	ctp:CTRG_04531
C5M338	ctp:CTRG_00477
C5MCI2	ctp:CTRG_03933
C5MCI2	ctp:CTRG_03941
C5M6I8	ctp:CTRG_01469
C5MB65	ctp:CTRG_03307
C5M9R4	ctp:CTRG_02226
C5MBI6	ctp:CTRG_03428
A5DSS2	lel:LELG_00408
C5MAP1	ctp:CTRG_03133
C5MB06	ctp:CTRG_03248
C5M3U8	ctp:CTRG_00755
C5M3U8	ctp:CTRG_00737
C5M1V1	ctp:CTRG_00040
C5MAF8	ctp:CTRG_03050
C5MHH2	ctp:CTRG_05526
C5M210	ctp:CTRG_00099
C5M210	ctp:CTRG_00109
C5MCI0	ctp:CTRG_03931
C5M6C8	ctp:CTRG_01409
C5M6C8	ctp:CTRG_01413
C5M807	ctp:CTRG_02529
C5M9Z9	ctp:CTRG_02311
C5M891	ctp:CTRG_02613
C5M4G5	ctp:CTRG_00955
C5M674	ctp:CTRG_01355
C5M8I2	ctp:CTRG_02704
C5MAN0	ctp:CTRG_03122
C5M590	ctp:CTRG_02068
C5MGF1	ctp:CTRG_05144
C5MGZ2	ctp:CTRG_05346
C5MHA6	ctp:CTRG_05460
C5MBT2	ctp:CTRG_03524
C5MB52	ctp:CTRG_03294
C5M5P1	ctp:CTRG_01171
C5M4U3	ctp:CTRG_01921
C5M3L1	ctp:CTRG_00650
C5M6S3	ctp:CTRG_01554
C5M555	ctp:CTRG_02033
C5M209	ctp:CTRG_00098
C5M209	ctp:CTRG_00108
C5MHI2	ctp:CTRG_05536
C5MHD4	ctp:CTRG_05488
C5M589	ctp:CTRG_02067
C5M8E9	ctp:CTRG_02671
C5MIU7	ctp:CTRG_05990
C5M7J2	ctp:CTRG_01824
C5MFI3	ctp:CTRG_04826
C5MFI3	ctp:CTRG_04833
C5MHI5	ctp:CTRG_05539
C5MFB9	ctp:CTRG_04762
C5M673	ctp:CTRG_01354
C5MCL1	ctp:CTRG_03962
C5MBP0	ctp:CTRG_03482
C5MHM8	ctp:CTRG_05571
C5MFA0	ctp:CTRG_04743
C5M381	ctp:CTRG_00520
C5MH85	ctp:CTRG_05439
C5MAE4	ctp:CTRG_03036
C5M379	ctp:CTRG_00518
C5M8H9	ctp:CTRG_02701
C5M5C7	ctp:CTRG_02105
C5M607	ctp:CTRG_01288
C5M200	ctp:CTRG_00089
C5M4I8	ctp:CTRG_00978
C5M676	ctp:CTRG_01357
C5MIW8	ctp:CTRG_06011
C5MHI3	ctp:CTRG_05537
C5M3N9	ctp:CTRG_00678
C5M9G2	ctp:CTRG_02124
C5M745	ctp:CTRG_01677
C5M675	ctp:CTRG_01356
C5MFB8	ctp:CTRG_04761
C5MAY8	ctp:CTRG_03230
C5M9R5	ctp:CTRG_02227
C5MB93	ctp:CTRG_03335
C5M3U7	ctp:CTRG_00736
C5M4G6	ctp:CTRG_00956
C5M4G6	ctp:CTRG_00959
C5MBC7	ctp:CTRG_03369
C5M8Q1	ctp:CTRG_02773
B9WLV3	cdu:CD36_30500
C5MB04	ctp:CTRG_03246
C5MBA4	ctp:CTRG_03346
C5M485	ctp:CTRG_00874
C5M2F8	ctp:CTRG_00247
C5M2X4	ctp:CTRG_00413
C5M3D4	ctp:CTRG_00573
C5M7S3	ctp:CTRG_01905
C5M441	ctp:CTRG_00830
C5MHC5	ctp:CTRG_05479
C5MCW8	ctp:CTRG_04069
C5MJK3	ctp:CTRG_06246
C5M2Z9	ctp:CTRG_00438
C5MG93	ctp:CTRG_05086
C5MG93	ctp:CTRG_05090
Q5AJX0	cal:CaO19.4051
Q5AJX0	cal:CaO19.11533
C5MAJ5	ctp:CTRG_03087
C5MHB0	ctp:CTRG_05464
C5MC83	ctp:CTRG_03675
C5M267	ctp:CTRG_00156
C5M677	ctp:CTRG_01358
C5MA51	ctp:CTRG_02363