XP_002548198.1	C5M7X3
XP_002548858.1	C5MAR3
XP_002550521.1	C5MFH6
XP_002547642.1	C5M4X1
XP_002549571.1	C5MDW6
XP_002551075.1	C5MH19
XP_002416934.1	B9W763
XP_002549133.1	C5MBI8
XP_002548418.1	C5M8J3
XP_002550540.1	C5MFJ5
XP_002550070.1	C5ME75
XP_002549804.1	C5MD00
XP_002547864.1	C5M9J9
XP_002549190.1	C5MBP5
XP_002549991.1	C5MDZ6
XP_002548712.1	C5M9D7
XP_002550158.1	C5MEG3
XP_002547989.1	C5M9X4
XP_002548100.1	C5MA85
XP_002548972.1	C5MB27
XP_002546736.1	C5MJH1
XP_002549861.1	C5MD57
XP_002546530.1	C5MIW5
XP_002550962.1	C5MGQ6
XP_002548003.1	C5M9Y8
XP_002545795.1	C5M3D7
XP_002547202.1	C5M6M7
XP_002549017.1	C5MB72
XP_002547958.1	C5M9U3
XP_002546520.1	C5MIV5
YP_008474997.1	S5TFQ8
XP_002547497.1	C5M7H2
XP_002547971.1	C5M9V6
XP_002551158.1	C5MHA2
XP_002545927.1	C5M3R9
XP_002549166.1	C5MBM1
XP_002546009.1	C5M401
XP_002551098.1	C5MH42
XP_002545643.1	C5M2Y5
XP_002545340.1	C5M232
XP_002547741.1	C5M570
XP_002550426.1	C5MF81
XP_002546118.1	C5M4B0
XP_002546551.1	C5MIY6
XP_002546035.1	C5M427
XP_002550993.1	C5MGT7
XP_002548339.1	C5M8B4
XP_002549918.1	C5MDB4
XP_002548381.1	C5M8F6
XP_002545837.1	C5M3H9
XP_002548550.1	C5M8X5
XP_002550440.1	C5MF95
XP_002549610.1	C5MCF6
XP_002550773.1	C5MG78
XP_002550767.1	C5MG72
XP_002548612.1	C5M937
XP_002547009.1	C5M634
XP_002547135.1	C5M6G0
XP_002545595.1	C5M2T7
XP_002548252.1	C5M827
XP_002549118.1	C5MBH3
XP_002548819.1	C5MAM4
XP_002545460.1	C5M2F2
XP_002548940.1	C5MAZ5
XP_002546148.1	C5M4E0
XP_002546364.1	C5MIE9
XP_002550859.1	C5MGG4
XP_002551295.1	C5MHQ0
XP_002550821.1	C5MGC6
XP_002550300.1	C5MEV5
XP_002550943.1	C5MGN7
XP_002547595.1	C5M7S0
XP_002551468.1	C5MI73
XP_002549959.1	C5MDF5
XP_002550217.1	C5MEM2
XP_002547532.1	C5M7K7
XP_002551208.1	C5MHF2
XP_002545743.1	C5M385
XP_002549947.1	C5MDE3
XP_002546695.1	C5MJD0
XP_002549288.1	C5MBZ3
XP_002550531.1	C5MFI6
XP_002549515.1	C5MDR0
XP_002548321.1	C5M896
XP_002550276.1	C5MET1
XP_002547147.1	C5M6H2
XP_002420566.1	B9WHK3
XP_002548762.1	C5MAG7
XP_002546195.1	C5M4I7
XP_002551416.1	C5MI21
XP_002549255.1	C5MBW0
XP_002547915.1	C5M9Q0
XP_002547347.1	C5M722
XP_002548360.1	C5M8D5
XP_002548460.1	C5M8N5
XP_002550740.1	C5MG45
XP_002550087.1	C5ME92
XP_002546105.1	C5M497
XP_002549739.1	C5MCT5
XP_002549545.1	C5MDU0
XP_002551440.1	C5MI45
XP_002549409.1	C5MCB4
XP_002548044.1	C5MA29
XP_002545289.1	C5M1Y1
XP_002550015.1	C5ME20
XP_002551186.1	C5MHD0
XP_002549709.1	C5MCQ5
XP_002550703.1	C5MG08
XP_002547258.1	C5M6T3
XP_002551438.1	C5MI43
XP_002548660.1	C5M985
XP_002549849.1	C5MD45
XP_002549897.1	C5MD93
XP_002547793.1	C5M5C2
XP_002550113.1	C5MEB8
XP_002547332.1	C5M707
XP_002545973.1	C5M3W5
XP_002550249.1	C5MEQ4
XP_002546973.1	C5M5Z8
XP_002549632.1	C5MCH8
XP_002546253.1	C5M4P5
XP_002547785.1	C5M5B4
XP_002549527.1	C5MDS2
XP_002549060.1	C5MBB5
XP_002545406.1	C5M298
XP_002549234.1	C5MBT9
XP_002545644.1	C5M2Y6
XP_002550236.1	C5MEP1
XP_002550675.1	C5MFY0
XP_002547811.1	C5M5E0
XP_002545861.1	C5M3K3
XP_002545786.1	C5M3C8
XP_002545804.1	C5M3E6
XP_002548693.1	C5M9B7
XP_002545758.1	C5M3A0
XP_002545965.1	C5M3V7
XP_002549807.1	C5MD03
XP_002548275.1	C5M850
XP_002545708.1	C5M350
XP_002550048.1	C5ME53
XP_002546921.1	C5M5U6
XP_002551461.1	C5MI66
XP_002549048.1	C5MBA3
XP_002546205.1	C5M4J7
XP_002546974.1	C5M5Z9
XP_002548881.1	C5MAT6
XP_002550813.1	C5MGB8
XP_002547506.1	C5M7I1
XP_002551080.1	C5MH24
XP_002551010.1	C5MGV4
XP_002548160.1	C5M7T5
XP_002551200.1	C5MHE4
XP_002551355.1	C5MHW0
XP_002548838.1	C5MAP3
XP_002546875.1	C5M5Q0
XP_002549576.1	C5MDX1
XP_002547613.1	C5M4U2
XP_002551367.1	C5MHX2
XP_002549003.1	C5MB58
XP_002547625.1	C5M4V4
XP_002545559.1	C5M2Q1
XP_002547092.1	C5M6B7
XP_002549970.1	C5MDG6
XP_002546664.1	C5MJ99
XP_002548905.1	C5MAW0
XP_002547721.1	C5M550
XP_002545700.1	C5M342
XP_002546516.1	C5MIV1
XP_002546491.1	C5MIS6
XP_002551452.1	C5MI57
XP_002548312.1	C5M887
XP_002545730.1	C5M372
XP_002545513.1	C5M2K5
XP_002546802.1	C5M5H7
XP_002548255.1	C5M830
XP_002546747.1	C5MJI2
XP_002547123.1	C5M6E8
XP_002546065.1	C5M457
XP_002548035.1	C5MA20
XP_002546906.1	C5M5T1
XP_002549357.1	C5MC62
XP_002545280.1	C5M1X2
XP_002545871.1	C5M3L3
XP_002419958.1	B9WG04
XP_002550928.1	C5MGN3
XP_002548578.1	C5M903
XP_002546225.1	C5M4L7
XP_002547941.1	C5M9S6
XP_002548916.1	C5MAX1
XP_002548996.1	C5MB51
XP_002549640.1	C5MCI6
XP_002545704.1	C5M346
XP_002549669.1	C5MCL5
XP_002548296.1	C5M871
XP_002550412.1	C5MF67
XP_002547702.1	C5M531
XP_002547663.1	C5M4Z2
XP_002548314.1	C5M889
XP_002549872.1	C5MD68
XP_002545224.1	C5M1R6
XP_002545913.1	C5M3Q5
XP_004977397.1	K3Y547
XP_002545748.1	C5M390
XP_002545262.1	C5M1V4
XP_002545800.1	C5M3E2
XP_002548216.1	C5M7Z1
XP_002549689.1	C5MCN5
XP_002547524.1	C5M7J9
XP_002547685.1	C5M514
XP_002545842.1	C5M3I4
XP_002549654.1	C5MCK0
XP_002545698.1	C5M340
XP_002551029.1	C5MGX3
XP_002549176.1	C5MBN1
XP_002546128.1	C5M4C0
XP_002548073.1	C5MA58
XP_002548802.1	C5MAK7
XP_002548451.1	C5M8M6
XP_002548955.1	C5MB10
XP_002550887.1	C5MGJ2
XP_002545887.1	C5M3M9
XP_002548829.1	C5MAN4
XP_002546171.1	C5M4G3
XP_002545505.1	C5M2J7
XP_002545478.1	C5M2H0
XP_002548221.1	C5M7Z6
XP_002549937.1	C5MDD3
XP_002546462.1	C5MIP7
XP_002545694.1	C5M336
XP_002549080.1	C5MBD5
XP_002546044.1	C5M436
XP_002550640.1	C5MFU5
XP_002549794.1	C5MCZ0
XP_002551173.1	C5MHB7
XP_002551134.1	C5MH78
XP_002548669.1	C5M994
XP_002550469.1	C5MFC4
XP_002550431.1	C5MF86
XP_002551366.1	C5MHX1
XP_002551326.1	C5MHT1
XP_002547994.1	C5M9X9
XP_002548020.1	C5MA05
XP_007377656.1	G3AV87
XP_002547034.1	C5M659
XP_002548015.1	C5MA00
XP_002548231.1	C5M806
XP_002545251.1	C5M1U3
XP_002550871.1	C5MGH6
XP_002546107.1	C5M499
XP_002546505.1	C5MIU0
XP_002549011.1	C5MB66
XP_002550651.1	C5MFV6
XP_002549365.1	C5MC70
XP_002546122.1	C5M4B4
XP_002549035.1	C5MB90
XP_002548554.1	C5M8X9
XP_002548372.1	C5M8E7
XP_002549175.1	C5MBN0
XP_002545585.1	C5M2S7
XP_002545303.1	C5M1Z5
XP_002546159.1	C5M4F1
XP_002548349.1	C5M8C4
XP_002548137.1	C5MAC2
XP_002548987.1	C5MB42
XP_002551147.1	C5MH91
XP_002549127.1	C5MBI2
XP_002546598.1	C5MJ33
XP_002550460.1	C5MFB5
XP_002546610.1	C5MJ45
XP_002547058.1	C5M683
XP_002549039.1	C5MB94
XP_002546949.1	C5M5X4
XP_002550794.1	C5MG99
XP_002550627.1	C5MFT2
XP_002546915.1	C5M5U0
XP_002548968.1	C5MB23
XP_002549777.1	C5MCX3
XP_002551057.1	C5MH01
XP_002545272.1	C5M1W4
XP_002547549.1	C5M7M4
XP_002545292.1	C5M1Y4
XP_002548130.1	C5MAB5
XP_002548203.1	C5M7X8
XP_002546051.1	C5M443
XP_002545773.1	C5M3B5
YP_009192272.1	A0A0S2RKU5
XP_002545853.1	C5M3J5
XP_002550811.1	C5MGB6
XP_002549676.1	C5MCM2
XP_002545633.1	C5M2X5
XP_002550765.1	C5MG70
XP_002547816.1	C5M5E5
XP_002548469.1	C5M8P4
XP_002546451.1	C5MIN6
XP_002548406.1	C5M8I1
XP_002548574.1	C5M8Z9
XP_002549889.1	C5MD85
XP_002545246.1	C5M1T8
XP_002549658.1	C5MCK4
XP_002548266.1	C5M841
XP_002549761.1	C5MCV7
XP_002545244.1	C5M1T6
XP_002551197.1	C5MHE1
XP_002550847.1	C5MGF2
XP_002547882.1	C5M9L7
XP_002548663.1	C5M987
XP_002545637.1	C5M2X9
XP_002545783.1	C5M3C5
XP_002547759.1	C5M588
XP_002548070.1	C5MA55
XP_002551165.1	C5MHA9
XP_002548929.1	C5MAY4
XP_002550394.1	C5MF49
XP_002549791.1	C5MCY7
XP_002551198.1	C5MHE2
XP_002551000.1	C5MGU4
XP_002547817.1	C5MJK6
XP_002548472.1	C5M8P7
XP_002547885.1	C5M9M0
XP_002547659.1	C5M4Y7
XP_002551224.1	C5MHG8
XP_002549387.1	C5MC92
XP_002550310.1	C5MEW5
XP_002551287.1	C5MHP2
XP_002550664.1	C5MFW9
XP_002549663.1	C5MCK9
XP_002551194.1	C5MHD8
XP_002549491.1	C5MDN5
XP_002550844.1	C5MGE9
XP_002550396.1	C5MF51
XP_002548662.1	C5M988
XP_002550198.1	C5MEK3
XP_002550645.1	C5MFV0
XP_002549770.1	C5MCW6
XP_002548365.1	C5M8E0
XP_002551270.1	C5MHM5
XP_002549228.1	C5MBT3
XP_002549015.1	C5MB70
XP_002548745.1	C5MAF0
XP_002549013.1	C5MB68
XP_002550902.1	C5MGK7
XP_002545738.1	C5M380
XP_002546606.1	C5MJ41
XP_002548236.1	C5M811
XP_002546988.1	C5M613
XP_002549369.1	C5MC74
XP_002546671.1	C5MJA6
XP_002546513.1	C5MIU8
XP_002547983.1	C5M9W8
XP_002547766.1	C5M595
XP_002545979.1	C5M3X1
XP_002546360.1	C5MIE5
XP_002551139.1	C5MH83
XP_002551143.1	C5MH87
XP_002548257.1	C5M832
XP_002545661.1	C5M303
XP_002547618.1	C5M4U7
XP_002548403.1	C5M8H8
XP_002545377.1	C5M269
XP_002547996.1	C5M9Y1
XP_002550900.1	C5MGK5
XP_002548227.1	C5M802
XP_002550446.1	C5MFA1
XP_002421610.1	B9WKJ9
XP_002545991.1	C5M3Y3
XP_002545960.1	C5M3V2
XP_002551462.1	C5MI67
XP_002546518.1	C5MIV3
XP_002551368.1	C5MHX3
XP_002548412.1	C5M8I7
XP_002545474.1	C5M2G6
XP_002547001.1	C5M626
XP_002545642.1	C5M2Y4
XP_002549380.1	C5MC85
XP_002546983.1	C5M608
XP_002551180.1	C5MHC4
XP_002549574.1	C5MDW9
XP_007372560.1	G3AG09
XP_002546089.1	C5M481
XP_002550850.1	C5MGF5
XP_002546604.1	C5MJ39
XP_002548225.1	C5M800
XP_002545319.1	C5M211
XP_002546863.1	C5M5N8
XP_002548211.1	C5M7Y6
XP_002545314.1	C5M206
XP_002545820.1	C5M3G2
XP_002550650.1	C5MFV5
XP_002548737.1	C5MAE2
XP_002547985.1	C5M9X1
XP_002551455.1	C5MI60
XP_002549585.1	C5MDY0
XP_002551235.1	C5MHH9
XP_002546053.1	C5M445
XP_002549891.1	C5MD87
XP_002550868.1	C5MGH3
XP_002549337.1	C5MC42
XP_002550387.1	C5MF42
XP_002547105.1	C5M6D0
XP_002546621.1	C5MJ56
XP_002546743.1	C5MJH8
XP_002546062.1	C5M454
XP_002548401.1	C5M8H6
XP_002546926.1	C5M5V1
XP_002550832.1	C5MGD7
XP_002547823.1	C5MJL2
XP_002550687.1	C5MFZ2
XP_002545859.1	C5M3K1
XP_002546741.1	C5MJH6
XP_002548541.1	C5M8W6
XP_002547764.1	C5M593
XP_002546622.1	C5MJ57
XP_002547984.1	C5M9W9
XP_002549005.1	C5MB60
XP_002549963.1	C5MDF9
XP_002547717.1	C5M546
XP_002549524.1	C5MDR8
XP_002546964.1	C5M5Y9
XP_002549836.1	C5MD32
XP_002549006.1	C5MB61
XP_002551183.1	C5MHC7
XP_002546965.1	C5M5Z0
XP_002548463.1	C5M8N8
XP_002546680.1	C5MJB5
XP_002546094.1	C5M486
XP_002547026.1	C5M651
XP_002546256.1	C5M4P8
XP_002549184.1	C5MBN9
XP_002549834.1	C5MD30
XP_002548648.1	C5M973
XP_002548413.1	C5M8I8
XP_002546535.1	C5MIX0
XP_002546258.1	C5M4Q0
XP_002546603.1	C5MJ38
XP_002548600.1	C5M925
XP_002548318.1	C5M893
XP_002545789.1	C5M3D1
XP_002546765.1	C5MJK0
XP_002550465.1	C5MFC0
XP_002550061.1	C5ME66
XP_002548218.1	C5M7Z3
XP_002548882.1	C5MAT7
XP_002548373.1	C5M8E8
XP_002421521.1	B9WJS6
XP_002550447.1	C5MFA2
XP_002545282.1	C5M1X4
XP_002546030.1	C5M422
XP_002545772.1	C5M3B4
XP_002548409.1	C5M8I4
XP_002548029.1	C5MA14
XP_002546176.1	C5M4G8
XP_002548908.1	C5MAW3
XP_002550899.1	C5MGK4
XP_002549000.1	C5MB55
XP_002548507.1	C5M8T2
XP_001528778.1	A5DVB2
XP_002547065.1	C5M690
XP_002546519.1	C5MIV4
XP_002551236.1	C5MHI0
XP_002549002.1	C5MB57
XP_002545947.1	C5M3T9
XP_002546456.1	C5MIP1
XP_002549664.1	C5MCL0
XP_002549833.1	C5MD29
XP_002547986.1	C5M9X0
XP_002548335.1	C5M8B0
XP_002551021.1	C5MGW5
XP_002548382.1	C5M8F7
XP_004981809.1	K4AF90
XP_004960811.1	K3ZA87
XP_003559651.3	A0A0Q3RM98
XP_002549040.1	C5MB95
XP_002549246.1	C5MBV1
XP_002547134.1	C5M6F9
XP_002547481.1	C5M7F6
XP_001386431.2	A3LZU3
XP_002549001.1	C5MB56
XP_004974378.1	K3YFV3
XP_002546998.1	C5M623
XP_002550527.1	C5MFI2
XP_002549725.1	C5MCS1
XP_002551202.1	C5MHE6
XP_002545468.1	C5M2G0
XP_002545452.1	C5M2E4
XP_004963333.1	K3Z4R4
XP_002549890.1	C5MD86
XP_002546601.1	C5MJ36
XP_002547363.1	C5M738
XP_004952289.1	K3YSZ3
XP_002548556.1	C5M8Y1
XP_002545574.1	C5M2R6
XP_001526317.1	A5DZT8
XP_002551246.1	C5MHJ0
XP_004984279.1	K4A708
XP_002548828.1	C5MAN3
XP_002550273.1	C5MES8
XP_002550857.1	C5MGG2
XP_002547327.1	C5M702
XP_002548040.1	C5MA25
XP_001484061.1	A5DJJ1
XP_002550686.1	C5MFZ1
XP_002549379.1	C5MC84
XP_002547053.1	C5M678
XP_002548350.1	C5M8C5
XP_002419480.1	B9WEG3
XP_002545608.1	C5M2V0
XP_002545706.1	C5M348
XP_002546859.1	C5M5N4
XP_006688500.1	G3B811
XP_002546918.1	C5M5U3
XP_002548539.1	C5M8W4
XP_002546455.1	C5MIP0
XP_004979339.1	K3ZIT8
XP_002549009.1	C5MB64
XP_002550812.1	C5MGB7
XP_002549386.1	C5MC91
XP_002548998.1	C5MB53
XP_004986804.1	K4AIK4
XP_002547164.1	C5M6I9
XP_002551448.1	C5MI53
XP_004961917.1	K3Z7C7
XP_004962892.1	K3Z4S7
XP_002548671.1	C5M996
XP_002550534.1	C5MFI9
XP_002547872.1	C5M9K7
XP_002549500.1	C5MDP5
XP_002549575.1	C5MDX0
XP_002545753.1	C5M395
XP_002551097.1	C5MH41
XP_004983196.1	K4ABQ7
XP_004961398.1	K3ZAH6
XP_002545819.1	C5M3G1
XP_002548226.1	C5M801
XP_002545649.1	C5M2Z1
XP_002547235.1	C5M6R0
XP_002548595.1	C5M920
XP_002545332.1	C5M224
XP_002549523.1	C5MDR9
XP_002548559.1	C5M8Y4
XP_002547634.1	C5M4W3
XP_002546900.1	C5M5S5
XP_002550031.1	C5ME36
XP_004952889.1	K3YTH5
XP_004986793.2	K4ACH9
XP_002547755.1	C5M584
XP_002546260.1	C5M4Q1
XP_002548543.1	C5M8W8
XP_002550088.1	C5ME93
XP_008675501.1	A0A1D6NMI6
XP_002548209.1	C5M7Y4
XP_002546744.1	C5MJH9
XP_002419320.1	B9WE03
XP_004983783.1	K4AED9
XP_004977302.1	K3YCI3
XP_004966863.2	K3XV33
XP_002548661.1	C5M986
XP_002551321.1	C5MHS6
XP_002551439.1	C5MI44
XP_002547283.1	C5M6V8
NP_001105833.1	Q49HD7
XP_002545839.1	C5M3I1
XP_004984446.1	K4A849
XP_004951788.1	K3YV35
XP_002546954.1	C5M5X9
XP_002547936.1	C5M9S1
XP_002549489.1	C5MDN4
XP_004968438.1	K3XDZ0
XP_002549759.1	C5MCV5
XP_002550746.1	C5MG51
XP_002550669.1	C5MFX4
XP_004965788.1	K3XYM4
XP_002548683.1	C5M9A8
XP_002548402.1	C5M8H7
XP_002549130.1	C5MBI5
XP_002549662.1	C5MCK8
XP_001487749.1	A5DCX1
XP_002551179.1	C5MHC3
XP_002548670.1	C5M995
XP_001485809.1	A5DDX9
XP_002545220.1	C5M1R2
XP_002547620.1	C5M4U8
XP_002546194.1	C5M4I6
XP_002546186.1	C5M4H8
XP_002546120.1	C5M4B2
XP_002549494.1	C5MDN9
XP_004968625.1	K3XJ16
XP_002549705.1	C5MCQ1
XP_002548911.1	C5MAW6
XP_001525744.1	A5E235
XP_002548178.1	C5M7V3
XP_002549258.1	C5MBW3
XP_002550080.1	C5ME85
XP_002546100.1	C5M492
XP_002547891.1	C5M9M6
XP_002546804.1	C5M5H9
YP_001621419.1	A9RAG7
XP_002550449.1	C5MFA4
XP_004961447.1	K3Z3D8
XP_002546546.1	C5MIY1
XP_004977375.1	K3Y7H9
XP_721729.1	Q5AJD9
XP_002550395.1	C5MF50
XP_002547716.1	C5M545
XP_004971057.1	K3XI36
XP_002549766.1	C5MCW2
XP_002548650.1	C5M975
XP_002548907.1	C5MAW2
XP_004964322.1	K3XY32
XP_004954033.1	K3YS67
XP_004986632.1	K4AJD2
XP_002546108.1	C5M4A0
XP_002550876.1	C5MGI1
XP_002550741.1	C5MG46
XP_013933828.1	W1QBM6
XP_002550317.1	C5MEX2
XP_002549164.1	C5MBL9
XP_002549174.1	C5MBM9
XP_004981808.1	K4ADR5
XP_004956235.1	K3ZRQ0
XP_002546578.1	C5MJ13
XP_002550638.1	C5MFU3
XP_002547414.1	C5M789
XP_002548219.1	C5M7Z4
XP_015627032.1	Q6YXZ7
XP_002548510.1	C5M8T5
XP_002549400.1	C5MCA5
XP_004958575.1	K3ZQ20
XP_004968404.1	K3XEP4
XP_004976564.1	K3Y6X6
XP_004965231.1	K3XVG9
XP_004976649.1	K3Y7V6
XP_002550629.1	C5MFT4
XP_003559924.2	I1GS26
XP_004975415.1	K3Y5I5
XP_014660650.1	K3XHS1
XP_007851319.1	V2X6I6
XP_004979200.1	K3ZHI8
XP_004983388.1	K4AGT3
XP_004972154.1	K3XTE5
XP_002444101.1	C5YJH7
XP_002416711.1	B9W6J0
XP_002547499.1	C5M7H4
XP_002454820.1	C5XWN3
XP_004981595.1	K4A593
XP_004985152.1	K4A968
XP_002547185.1	C5M6L0
XP_004966004.1	K3XUY7
XP_002550548.1	C5MFK3
XP_002546897.1	C5M5S2
XP_002547047.1	C5M672
XP_007377752.1	G3AVU1
XP_002549859.1	C5MD55
NP_001159328.1	C0HFL0
XP_002549366.1	C5MC71
XP_002550864.1	C5MGG9
XP_002549954.1	C5MDF0
XP_002548735.1	C5M9G0
XP_002548229.1	C5M804
XP_004955444.1	K3ZQ97
XP_002545857.1	C5M3J9
XP_002549955.1	C5MDF1
XP_002548279.1	C5M854
XP_002549229.1	C5MBT4
XP_004968689.1	K3XEL3
XP_004972562.2	K3YFV9
XP_015613828.1	Q8LNH6
XP_002548966.1	C5MB21
XP_001526253.1	A5DZM4
XP_002549584.1	C5MDX9
XP_002549123.1	C5MBH8
XP_004979265.1	K3ZIJ3
WP_034352118.1	A0A096FV19
XP_002547951.1	C5M9T6
XP_004956612.1	K3ZVA0
XP_012703197.1	K3Y5C0
XP_002549297.1	C5MC02
XP_015646448.1	Q7EZD7
XP_002549181.1	C5MBN6
WP_050716433.1	A0A0K1NG59
XP_002546130.1	C5M4C2
XP_002550693.1	C5MFZ8
WP_056053492.1	A0A0Q5LF18
XP_002546634.1	C5MJ69
XP_004984657.1	K4A8Q2
XP_004976841.1	K3Y9G5
XP_002460807.1	C5XAQ2
XP_003580954.2	A0A0Q3KNP3
XP_002551444.1	C5MI49
XP_002547822.1	C5MJL1
XP_002546860.1	C5M5N5
XP_002551096.1	C5MH40
XP_002549837.1	C5MD33
XP_002546773.1	C5M5E8
XP_002550448.1	C5MFA3
XP_002548114.1	C5MA99
WP_047331151.1	A0A0G3IN71
XP_002548780.1	C5MAI5
XP_002548212.1	C5M7Y7
XP_004960270.1	K3Z4U4
WP_024266275.1	W8CUH6
XP_002447494.1	C5YCM0
XP_002550036.1	C5ME41
XP_002546257.1	C5M4P9
XP_002547668.1	C5M4Z7
XP_018712705.1	A0A1A0HDP9
XP_461842.2	Q6BIX9
XP_002545863.1	C5M3K5
XP_004966266.1	K3XW25
XP_002549495.1	C5MDP0
XP_002551046.1	C5MGZ0
XP_002548666.1	C5M991
XP_012698941.1	K3ZZ73
XP_002547776.1	C5M5A5
XP_002545614.1	C5M2V6
XP_002547548.1	C5M7M3
XP_002547818.1	C5MJK7
XP_002545803.1	C5M3E5
XP_002546956.1	C5M5Y1
XP_003566606.1	I1HM71
WP_036301699.1	W0Z970
XP_002548144.1	C5MAC9
XP_004983692.1	K4A4U0
XP_015610996.1	Q67TR8
XP_004956012.1	K3ZR28
XP_004962907.1	K3Z4V3
XP_002545511.1	C5M2K3
XP_002545725.1	C5M367
XP_002546493.1	C5MIS8
XP_002549268.1	C5MBX3
XP_002546548.1	C5MIY3
XP_002549852.1	C5MD48
XP_002549870.1	C5MD66
XP_008653464.1	A0A1D6IN03
XP_002546029.1	C5M421
XP_004954237.1	K3YVB0
XP_004965434.1	K3Y124
XP_002549744.1	C5MCU0
XP_002546157.1	C5M4E9
NP_001106060.1	A7KVC2
XP_002549621.1	C5MCG7
XP_002549551.1	C5MDU6
XP_004975385.1	K3Y673
XP_013468917.1	A0A072VLT6
XP_002417075.1	B9W7K4
XP_004955445.1	K3ZST8
XP_002546754.1	C5MJI9
XP_004972860.1	K3YJM9
XP_006650113.1	J3LP14
XP_004964759.1	K3XV72
XP_004982582.1	K4AL86
XP_002545879.1	C5M3M1
XP_002545990.1	C5M3Y2
XP_002547616.1	C5M4U5
XP_004975022.1	K3Y9I9
XP_002547398.1	C5M773
XP_012703060.1	K3YP71
XP_002549367.1	C5MC72
XP_004985808.1	K4AET3
WP_039342202.1	A0A0A6YEQ5
XP_004957206.1	K3ZU47
XP_002550430.1	C5MF85
XP_002549732.1	C5MCS8
XP_002551146.1	C5MH90
XP_002545791.1	C5M3D3
XP_002548698.1	C5M9C3
XP_002548675.1	C5M9A0
XP_002545510.1	C5M2K2
XP_004976111.1	K3Y678
XP_001526473.1	A5E094
XP_002551453.1	C5MI58
XP_004973031.1	K3YG88
XP_002548495.1	C5M8S0
XP_002550611.1	C5MFR6
XP_015624171.1	Q6K949
XP_004978851.1	K3ZNI6
WP_000904488.1	A0A0P7QGU3
WP_000904488.1	D3GVC7
XP_004978753.1	K3ZHT9
XP_004960969.1	K3Z3F1
XP_002550865.1	C5MGH0
WP_006979439.1	B4CZM6
XP_002546013.1	C5M405
XP_008661578.1	A0A1D6KEZ7
XP_003563511.1	I1GLG8
XP_002545316.1	C5M208
XP_002549825.1	C5MD21
XP_004952640.1	K3YTG6
XP_012702709.1	K3Y8F8
WP_036207443.1	A0A0A0F4T6
XP_004959674.1	K4A1Y0
XP_002546587.1	C5MJ22
XP_004968641.1	K3XEU9
XP_002546871.1	C5M5P6
XP_002551233.1	C5MHH7
XP_002551250.1	C5MHJ4
XP_002547438.1	C5M7B3
XP_002547750.1	C5M579
XP_004954223.1	K3YPA0
XP_004976964.1	K3Y5M5
XP_002548912.1	C5MAW7
XP_004967670.1	K3XFP7
XP_004976783.2	K3Y897
XP_004954282.1	K3YUZ5
XP_002551184.1	C5MHC8
XP_002548238.1	C5M813
XP_002549432.1	C5MCD7
XP_002550062.1	C5ME67
XP_002551237.1	C5MHI1
XP_002547982.1	C5M9W7
XP_002549108.1	C5MBG3
XP_004966258.1	K3XX12
XP_004961415.1	K3Z657
XP_002549433.1	C5MCD8
XP_002550834.1	C5MGD9
XP_004976552.1	K3Y6Q2
XP_002546865.1	C5M5P0
XP_002546623.1	C5MJ58
XP_006652670.1	J3M0L1
XP_004960393.1	K3Z942
WP_013024588.1	A0A0E9B2Z9
WP_013024588.1	A0A0N1RYY6
WP_013024588.1	D4GJQ1
XP_004961412.1	K3ZEJ0
XP_002545788.1	C5M3D0
XP_012702672.1	K3Y5C5
XP_004965567.1	K3XY85
WP_039338993.1	A0A0A6W9L3
NP_001140400.1	B4FNQ6
XP_002545793.1	C5M3D5
XP_001525717.1	A5E208
XP_002546616.1	C5MJ51
XP_012701002.1	K3XVC1
XP_002551314.1	C5MHR9
XP_004962616.1	K3Z6M2
XP_002545808.1	C5M3F0
XP_002441786.1	Q84YF1
XP_008652236.1	A0A1D6HX33
NP_001169587.1	C0PG74
XP_013467744.1	A0A072VJK6
XP_002551117.1	C5MH61
XP_004983187.1	K4AD17
XP_002548599.1	C5M924
XP_004956935.1	K3ZSC8
XP_004974931.1	K3YMD5
XP_008645404.1	A0A1D6KI11
XP_004976636.1	K3Y7N8
NP_001183559.1	C4J8S7
XP_002442331.1	C5YPU5
XP_004984395.1	K4A837
XP_004970585.1	K3XIG4
XP_006649964.2	J3LN30
XP_002551231.1	C5MHH5
XP_002545992.1	C5M3Y4
XP_004964198.3	K3ZD36
XP_004984712.1	K4A885
XP_002550472.1	C5MFC7
XP_002547800.1	C5M5C9
XP_002549573.1	C5MDW8
NP_001131692.1	B4FDL9
NP_001142100.1	B4FZU8
XP_012704146.1	K3YRF5
NP_001151318.1	B6TZ34
XP_014752742.1	I1GNM8
XP_002468623.1	C5X0Y2
XP_002453597.1	C5XZ01
XP_002547176.1	C5M6K1
XP_004981956.1	K4A7H7
WP_039342468.1	A0A0A6VYP6
XP_004955199.1	K3YZ71
XP_002545799.1	C5M3E1
XP_004964375.1	K3XWV7
XP_002550626.1	C5MFT1
XP_002442656.1	C5YQ25
XP_002419308.1	B9WDZ1
XP_002551378.1	C5MHY3
XP_002548471.1	C5M8P6
XP_004958203.1	K3ZR51
XP_002459366.1	C5X9N4
XP_002550011.1	C5ME16
XP_002445202.1	C5YIH2
XP_002549351.1	C5MC56
XP_004962547.1	K3Z5T3
XP_004955544.1	K3ZQ92
XP_004968881.1	K3XH06
XP_004976154.1	K3Y767
XP_004985210.1	K4A4S6
XP_004970979.1	K3XJJ7
XP_002548408.1	C5M8I3
XP_004965104.1	K3XYG6
XP_004966476.1	K3XWA2
WP_045310759.1	A0A0F0H8H7
XP_003573910.1	I1I3X4
XP_004982265.1	K4A567
NP_001151439.1	B6U0J9
WP_007186338.1	I7ZDM4
XP_015620081.1	Q2QMX9
XP_002548598.1	C5M923
XP_004956006.1	K3ZQU5
XP_004956221.1	K3ZR17
XP_004975074.1	K3Y782
XP_004976119.1	K3YC01
XP_014660421.1	K3Z8V3
XP_004973529.1	K3YMN3
NP_001146072.1	B7ZZ11
XP_002550829.1	C5MGD4
XP_002547934.1	C5M9R9
XP_002546605.1	C5MJ40
XP_004978442.1	K3ZHL4
XP_004965179.1	K3XWJ8
XP_002549104.1	C5MBF9
XP_002545784.1	C5M3C6
WP_039338755.1	A0A0A6W703
XP_004965919.1	K3XUZ7
WP_033738055.1	A0A0A6VZI8
XP_004957967.1	K3ZQI0
XP_012700910.1	K3XUS6
XP_003558163.1	A0A0Q3LGJ1
XP_015620151.1	Q2QM64
XP_002546602.1	C5MJ37
XP_004973368.1	K3YJ97
XP_004983905.1	K4A9M5
XP_012700728.1	K3Y292
WP_011053681.1	Q8K9Y8
XP_004954194.1	K3YP85
XP_004984442.1	K4A9I3
XP_004961094.1	K3Z684
XP_002547025.1	C5M649
WP_053608992.1	A0A0M8ZIT0
XP_004979833.1	K3ZHQ8
XP_002549485.1	C5MDN0
XP_004985228.1	K4A7U9
XP_004971147.1	K3XEM3
XP_004957750.1	K3ZQ39
XP_004954007.1	K3YRV4
XP_004982551.1	K4AL50
XP_001482854.1	A5DNF8
XP_002550688.1	C5MFZ3
XP_004977057.1	K3Y5Q8
XP_015616067.1	Q2RB27
XP_004969123.1	K3XDS5
XP_002549070.1	C5MBC5
XP_002548699.1	C5M9C4
XP_002548557.1	C5M8Y2
XP_004961275.1	K3Z5C8
XP_004955396.1	K3ZS45
XP_002546078.1	C5M470
XP_002549688.1	C5MCN4
XP_002549339.1	C5MC44
XP_002551245.1	C5MHI9
XP_004954530.1	K3YQE6
XP_004974242.1	K3YH53
XP_004982916.1	K4A4Z9
XP_012699696.1	K3ZU41
XP_002444793.1	C5YJ58
XP_004973832.1	K3YM02
XP_012699295.1	K3ZX66
XP_002550442.1	C5MF97
XP_002546112.1	C5M4A4
XP_012701326.1	K3XDX3
XP_002447269.1	C5Y9M2
XP_004961596.1	K3ZET3
XP_004952733.1	K3YRP5
XP_002551061.1	C5MH05
XP_015631367.1	Q84TA1
XP_004970111.1	K3XH05
XP_002546521.1	C5MIV6
XP_002548233.1	C5M808
XP_004975689.1	K3Y631
XP_002551473.1	C5MI78
XP_014660042.1	K4A612
XP_004966160.1	K3XXS9
XP_002548077.1	C5MA62
XP_002546620.1	C5MJ55
XP_004971091.1	K3XIT1
XP_004967474.1	K3XIV6
XP_004983205.1	K4AC16
XP_004976802.1	K3Y4M4
XP_002548665.1	C5M990
XP_004972862.1	K3YG11
XP_012702562.1	K3YFY2
XP_002551020.1	C5MGW4
XP_002437554.1	C5Z998
XP_004969414.1	K3XH92
XP_008663089.1	K7U2E4
XP_004970385.1	K3XGV5
XP_718852.1	A0A1D8PD22
XP_718852.1	Q96W54
XP_004981466.1	K4A707
XP_002545896.1	C5M3N8
XP_004962749.1	K3Z399
XP_004979284.1	K3ZIY6
XP_004976196.1	K3Y5X8
NP_001141459.1	B4FWB9
XP_004973729.1	K3YN97
XP_004970919.1	K3XIT9
XP_004957084.2	K4A1G3
XP_004976076.1	K3Y9T8
XP_004978268.1	K3YEL7
XP_004982807.1	K4A507
XP_008652534.1	A0A1D6I1N6
XP_004955821.1	K3ZQQ9
XP_713663.1	Q59VN4
XP_004965911.1	K3XY59
NP_001141893.1	B4FYQ7
XP_004963270.1	K3Z357
XP_004979846.1	K3ZHU8
XP_004959886.1	K3ZQZ7
XP_002551182.1	C5MHC6
XP_002549616.1	C5MCG2
XP_002547932.1	C5M9R7
XP_004970068.1	K3XSF3
XP_004962407.1	K3Z545
XP_004961637.1	K3Z606
WP_061503168.1	A0A127JY67
XP_012701178.1	K3XI90
XP_004975964.1	K3Y7X2
NP_001168344.1	C0P4H8
XP_004979125.1	K3ZHR3
XP_004982397.1	K4A8C2
XP_002548540.1	C5M8W5
XP_004958362.1	K3ZQB7
XP_004981263.1	K4A783
XP_002547328.1	C5M703
XP_002419310.1	B9WDZ3
XP_004962119.1	K3Z6R5
XP_004981478.1	K4A615
XP_002458443.1	C5XJ23
XP_004982211.1	K4A540
XP_002546919.1	C5M5U4
XP_004956712.1	K3ZQN3
XP_004980958.1	K4A7I4
XP_004981669.1	K4ACK4
XP_012703819.1	K3ZH36
XP_004952309.1	K3YPS3
XP_002446124.1	C5YCN5
XP_002547637.1	C5M4W6
XP_002548994.1	C5MB49
XP_004952050.1	K3YTF1
XP_004961073.1	K3Z3U6
XP_004976996.1	K3Y9L7
XP_004963872.1	K3Z4X2
XP_004962306.1	K3Z5Y5
XP_002551047.1	C5MGZ1
XP_002549401.1	C5MCA6
XP_002549392.1	C5MC97
XP_004962505.1	K3Z3T6
XP_002549198.1	C5MBQ3
WP_006118973.1	A0A0A6W9K9
WP_006118973.1	H3RCB7
XP_004967420.1	K3XK60
XP_004951559.1	K3YU41
XP_014753397.1	A0A0Q3JL31
XP_004971451.1	K3XEC9
XP_004981683.1	K4AMJ2
XP_012703009.1	K3Y8I4
XP_002547660.1	C5M4Y9
XP_002550845.1	C5MGF0
XP_008661885.1	A0A1D6KFH5
XP_004965735.1	K3XWR9
XP_004958613.1	K3ZU09
XP_004969020.1	K3XHY2
XP_008645883.1	A0A096QRT2
XP_002441879.1	C5YSB3
XP_002549042.1	C5MB97
XP_004971089.1	K3XDZ6
XP_004979900.1	K3ZHB0
XP_004962900.1	K3Z6D2
XP_004969547.1	K3XJ47
XP_002448366.1	C5YE56
XP_012703343.2	K3Y4V5
NP_001131267.1	B4FBV8
XP_003579512.1	I1J3K8
XP_002437598.1	C5Z1W2
XP_002547063.1	C5M688
XP_002547249.1	C5M6S4
XP_004968169.1	K3XFZ7
XP_004981488.1	K4AMK8
XP_004968477.1	K3XE44
XP_002546968.1	C5M5Z2
XP_004965258.1	K3XUW3
XP_004967580.1	K3XJE7
XP_004965073.1	K3Y359
XP_004965514.1	K3Y1H7
XP_012700890.1	K3Y3N3
XP_004985092.1	K4A510
XP_004983758.1	K4ACD7
XP_004985317.1	K4A6C8
XP_002545766.1	C5M3A8
XP_002454185.1	C5XXR6
XP_004981377.1	K4AF67
XP_004961859.1	K3Z4V9
XP_004976233.1	K3Y717
XP_002550807.1	C5MGB2
XP_004955156.1	K3Z0J0
XP_004969666.1	K3XED1
XP_002548080.1	C5MA65
XP_004961507.1	K3Z5H9
XP_004981977.1	K4A5E7
NP_001151787.2	C0HG48
XP_004960853.1	K3Z3T4
XP_002465119.1	C5WWI9
XP_002548319.1	C5M894
XP_002549531.1	C5MDS6
XP_004952915.1	K3YPX7
XP_004962656.1	K3Z8H0
XP_004961227.1	K3Z3D7
XP_002547288.1	C5M6W3
XP_004953285.1	K3YSH7
XP_002549173.1	C5MBM8
XP_004964386.1	K3XVD5
XP_004968813.1	K3XGB3
XP_002547015.1	C5M640
XP_002546220.1	C5M4L2
XP_002441371.1	C5Z0X5
XP_004951858.1	K3YZN0
NP_001149954.1	B6TJN8
WP_006120026.1	A0A0A6VZQ7
WP_006120026.1	A0A0E9B854
WP_006120026.1	A0A0H3KY82
WP_006120026.1	A0A0N1RU46
WP_006120026.1	D4GJ52
WP_006120026.1	H3REZ1
XP_004968268.1	K3XLC1
XP_004977145.1	K3Y7K3
XP_002457776.1	C5XJR8
XP_004969471.1	K3XJ72
XP_002549842.1	C5MD38
XP_004981896.1	K4A7G6
XP_004977001.1	K3Y4Q8
XP_004955869.1	K3ZQB1
XP_004978370.1	K3YC63
XP_004960383.1	K3Z5Y3
XP_002547965.1	C5M9V0
XP_002547233.1	C5M6Q8
XP_004971314.1	K3XE36
WP_028723590.1	A0A0A6W2H7
WP_028723590.1	A0A0M2YFI8
XP_002426604.1	E0VKF0
WP_063877231.1	A0A176UDW6
XP_008657087.1	K7V3P1
XP_002550798.1	C5MGA3
XP_012699479.1	K3ZQ91
XP_004954293.1	K3YQ54
XP_004966152.1	K3XZB4
XP_004964709.1	K3Y1J1
XP_014660746.1	K3XHG1
XP_002550833.1	C5MGD8
XP_008672932.1	A0A1D6MNI4
XP_002545374.1	C5M266
XP_004952294.1	K3YSR3
XP_004969763.1	K3XE00
XP_004956289.1	K3ZRM2
XP_004973463.1	K3YGZ9
XP_004985872.1	K4AA69
XP_004955762.1	K3ZQU6
XP_003599574.1	G7J0Z7
XP_004951625.1	K3YWK3
XP_004983071.1	K4AEZ0
XP_004955563.1	K3ZR05
XP_004969081.1	K3XGJ4
WP_011053599.1	Q8KA49
XP_004953695.1	K3YPA6
XP_002547680.1	C5M509
XP_002547244.1	C5M6R9
XP_004961639.1	K3Z7C0
XP_004970051.1	K3XJ94
XP_007372419.1	G3AFL8
XP_004973787.1	K3YJB7
XP_004983504.1	K4AC70
XP_003562892.1	I1GTI3
NP_001169660.1	C0PGU4
XP_004984340.1	K4AAZ7
XP_004952421.1	K3YQZ8
XP_002550814.1	C5MGB9
XP_012702472.1	K3YMX3
WP_009241394.1	A0A1A0N529
WP_009241394.1	C6BCY9
WP_009241394.1	U3GJ09
XP_004961264.1	K3Z5D3
XP_002548884.1	C5MAT9
XP_002548647.1	C5M972
NP_001159138.1	C0HDS7
XP_002460773.1	C5XA09
XP_004957073.1	K3ZS35
XP_015622473.1	B9ESX6
XP_002547880.1	C5M9L5
WP_006117705.1	A0A0A6YF07
WP_006117705.1	H3R8M1
XP_003575601.3	I1IJ05
XP_004981961.1	K4A545
XP_004962081.1	K3Z4R1
XP_004981993.1	K4ABM3
XP_002551303.1	C5MHQ8
XP_002546160.1	C5M4F2
XP_004951223.1	K3YRS9
XP_002547681.1	C5M510
XP_004964977.1	K3XXQ8
XP_002546755.1	C5MJJ0
XP_004973870.1	K3YG26
XP_012698745.1	K3YVI3
XP_004976482.1	K3Y742
XP_004978165.1	K3YCT2
XP_002551008.1	C5MGV2
XP_004961632.1	K3Z6L3
XP_004979799.1	K3ZHD9
YP_009235520.1	A0A0X8IH81
XP_004978711.1	K3ZJF4
XP_004969214.1	K3XEQ4
NP_001151320.1	B6TZ40
XP_004977106.1	K3Y881
WP_039339170.1	A0A0A6W5Y9
NP_001151150.1	C0PCF2
XP_004964975.1	K3XYD4
XP_013458251.1	A0A072URG7
XP_004967701.1	K3XEC4
XP_004986607.1	K4A596
XP_004951360.1	K3YQB0
XP_004963062.1	K3Z5D2
XP_004969910.1	K3XE30
XP_004967943.1	K3XKB2
XP_002547615.1	C5M4U4
XP_012701308.1	K3XJD3
XP_004974154.1	K3YH67
XP_012702788.1	K3Y5W3
XP_012703329.1	K3Y576
XP_004968622.1	K3XIY9
WP_039343507.1	A0A0A6YEH4
XP_008670773.1	A0A1D6F6D8
XP_004984855.1	K4AA34
XP_002548741.1	C5MAE6
XP_004978391.1	K3YE25
XP_012701750.1	K3XE81
NP_001152387.1	B6UDC6
XP_004982082.1	K4A5M0
XP_004962218.1	K3Z3C9
XP_004958557.1	K3ZVA6
XP_004975593.1	K3Y560
XP_004962723.1	K3Z6D3
XP_004972244.1	K3XQP8
XP_004984296.1	K4A8T2
XP_004966980.2	K3Y370
XP_018209163.1	A0A1B7SCJ0
XP_004970848.1	K3XF99
XP_004957253.1	K3ZTL7
XP_004966535.2	K3XV88
XP_004984505.1	K4A6N9
XP_004973816.1	K3YGQ7
XP_002549186.1	C5MBP1
XP_002549956.1	C5MDF2
XP_004957538.1	K3ZXV5
XP_004984018.1	K4A5Y3
XP_004969350.1	K3XE29
XP_004965322.1	K3XWF4
XP_004971394.1	K3XGI2
XP_004964800.1	K3XXR0
XP_004983497.1	K4A959
XP_004960024.1	K3Z3A2
XP_004956772.1	K4A459
NP_001130545.1	B4F9L1
XP_004977061.1	K3Y6D5
XP_002549927.1	C5MDC3
XP_002549962.1	C5MDF8
XP_004982689.1	K4ADX1
XP_004982044.1	K4AF75
XP_012703119.1	K3Y530
XP_004957603.1	K3ZRR4
XP_004969099.1	K3XEQ7
XP_004984022.1	K4AL72
XP_004964908.1	K3Y1B3
XP_002458467.1	C5XJZ6
NP_001170218.1	C0PM68
XP_004976858.1	K3Y871
XP_008668001.1	C0P3L3
XP_004963503.1	K3ZDH2
XP_004977672.3	K3YCR2
XP_001528528.1	A5DUL2
XP_008644735.1	A0A1D6GNH0
XP_004975681.1	K3Y4T2
XP_004973727.1	K3YGY5
XP_002549784.1	C5MCY0
XP_004985406.1	K4AEP4
XP_002546507.1	C5MIU2
XP_014753172.1	A0A0Q3GU67
XP_004979735.1	K3ZI61
XP_004952127.1	K3YPQ2
XP_002547756.1	C5M585
XP_002437930.1	C5Z5B1
XP_002550754.1	C5MG59
XP_002548309.1	C5M884
XP_004981745.1	K4AB74
XP_002550641.1	C5MFU6
XP_004983690.1	K4ADU6
XP_004970201.1	K3XEE4
XP_002551244.1	C5MHI8
XP_004951761.1	K3YSW5
XP_004978690.1	K3ZIB1
XP_004957672.1	K3ZWH0
XP_004969131.1	K3XGC7
XP_004976877.1	K3Y7I3
XP_002547036.1	C5M661
XP_004976387.1	K3Y841
XP_004977389.1	K3Y972
XP_004953824.1	K3YQT0
XP_002546769.1	C5MJK4
XP_014660772.1	K3XDT8
XP_004968443.1	K3XFP8
WP_059315355.1	A0A0U4WB00
XP_004958610.1	K3ZVN9
XP_004951948.1	K3YP86
XP_004985047.1	K4A9N3
XP_004958712.1	K3ZR06
XP_004982715.1	K4ABH7
XP_004961862.1	K3Z4X4
XP_004962396.1	K3Z4R6
WP_006120595.1	A0A0A6VZC0
WP_006120595.1	A0A0E9C2E7
WP_006120595.1	A0A0H3L0U2
WP_006120595.1	A0A0N1RRN4
WP_006120595.1	A0A176UP08
WP_006120595.1	D4GCG1
WP_006120595.1	H3RGF8
XP_004985995.1	K4A692
XP_013936477.1	W1QL37
XP_004953319.1	K3YUG6
XP_002446320.1	C5YEV2
XP_002545724.1	C5M366
XP_004976238.1	K3YDF1
XP_004979808.1	K3ZHQ6
XP_004956734.1	K3ZQV5
XP_004977497.1	K3Y946
XP_004952485.1	K3YRK7
XP_004975359.1	K3Y5T7
XP_004975933.1	K3Y5N9
XP_004952779.1	K3YQM0
XP_004983809.1	K4A571
XP_004964452.1	K3XZN7
XP_004965781.1	K3XV75
XP_004971408.1	K3XG41
XP_004985294.1	K4AC83
XP_002549690.1	C5MCN6
XP_002545270.1	C5M1W2
XP_004985525.1	K4AJQ5
XP_012698378.1	K4ACV9
XP_004958593.1	K3ZPX9
XP_002548818.1	C5MAM3
XP_004982054.1	K4A7S9
XP_002551240.1	C5MHI4
XP_002458653.1	C5XMJ3
XP_004954535.1	K3YPX2
XP_002548978.1	C5MB33
XP_004968411.1	K3XI15
XP_004966254.1	K3XVN3
XP_002547046.1	C5M671
XP_004966351.1	K3XXE4
XP_004969188.1	K3XG44
NP_001168251.1	C0P3N0
XP_004954110.1	K3YYV4
XP_004968993.1	K3XG88
XP_004973984.1	K3YLI0
XP_008656385.1	K7UWQ3
XP_004965198.1	K3XUQ8
XP_002458579.1	C5XLL3
XP_004951531.1	K3YRF3
XP_003578266.2	A0A0Q3HAX8
XP_004976418.1	K3Y861
NP_001148007.1	B6SWZ1
XP_002547457.1	C5M7D2
XP_004984066.1	K4AE40
XP_002546850.1	C5M5M5
XP_004979443.1	K3ZJ56
XP_004976600.1	K3Y786
XP_004978745.1	K3ZHA8
XP_004964482.1	K3XXP1
XP_004972793.1	K3YIA1
XP_004966457.1	K3XXG1
XP_004982886.1	K4A4U3
XP_004976904.1	K3Y969
XP_012700786.1	K3XXJ0
XP_004968767.1	K3XEV8
WP_006117864.1	A0A0A6W040
WP_006117864.1	H3R925
XP_004965240.1	K3XVL1
XP_004970125.1	K3XFA6
XP_004978184.1	K3Y6Q7
XP_004970637.1	K3XHJ2
XP_004966052.1	K3XVT5
NP_001141708.1	B4FXQ3
XP_002460796.1	C5XA46
XP_004966252.1	K3XZT2
XP_012703797.1	K3ZJF0
XP_004957597.1	K3ZQP2
XP_002551292.1	C5MHP7
XP_002551369.1	C5MHX4
XP_004969832.1	K3XGJ3
XP_004984053.1	K4AK60
XP_002549733.1	C5MCS9
XP_004981412.1	K4AF95
XP_002440579.1	C5YZZ8
XP_004978787.1	K3ZHC1
XP_002445091.1	C5YHB7
XP_012701723.1	K3XEI5
XP_007152185.1	V7C234
XP_004973615.1	K3YMJ4
XP_004971598.1	K3XS23
XP_002545373.1	C5M265
XP_008676840.1	K7U8W2
XP_004965943.1	K3XVB1
XP_012700105.1	K3Z5D5
XP_004957140.1	K3ZRN7
XP_004976367.1	K3Y8G2
XP_002548542.1	C5M8W7
XP_002420645.1	B9WHT3
XP_004970741.1	K3XE84
XP_003577528.1	I1IGJ7
XP_004982658.1	K4A7E2
XP_002546299.1	C5MI84
XP_004958807.1	K3ZRZ7
XP_002546764.1	C5MJJ9
XP_004968399.1	K3XEK3
XP_007372460.1	G3AFQ9
XP_002418387.1	B9WBB7
XP_004983213.1	K4A745
XP_002549792.1	C5MCY8
XP_002551242.1	C5MHI6
XP_002545555.1	C5M2P7
XP_002545641.1	C5M2Y3
XP_002549583.1	C5MDX8
XP_002550388.1	C5MF43
XP_002547250.1	C5M6S5
XP_002547236.1	C5M6R1
XP_002549230.1	C5MBT5
XP_002545379.1	C5M271
XP_002548977.1	C5MB32
XP_002546359.1	C5MIE4
XP_002548848.1	C5MAQ3
XP_002550079.1	C5ME84
XP_002550305.1	C5MEW0
XP_002548071.1	C5MA56
XP_002550849.1	C5MGF4
XP_002550234.1	C5MEN9
XP_002545504.1	C5M2J6
XP_002548475.1	C5M8Q0
XP_002549887.1	C5MD83
XP_002548999.1	C5MB54
XP_002547966.1	C5M9V1
XP_002549966.1	C5MDG2
XP_002551230.1	C5MHH4
XP_002545818.1	C5M3G0
XP_002545556.1	C5M2P8
XP_002547911.1	C5M9P6
XP_002548993.1	C5MB48
XP_002549016.1	C5MB71
XP_002547690.1	C5M519
XP_002550649.1	C5MFV4
XP_002548313.1	C5M888
XP_002548065.1	C5MA50
XP_002550235.1	C5MEP0
XP_002546474.1	C5MIQ9
XP_002545838.1	C5M3I0
XP_002549965.1	C5MDG1
XP_002548165.1	C5M7U0
XP_002550831.1	C5MGD6
XP_002549635.1	C5MCI1
XP_002548874.1	C5MAS9
XP_002551229.1	C5MHH3
XP_002548544.1	C5M8W9
XP_002546607.1	C5MJ42
XP_002547024.1	C5M650
XP_002549767.1	C5MCW3
XP_002549637.1	C5MCI3
XP_002546358.1	C5MIE3
XP_002549840.1	C5MD36
XP_002549771.1	C5MCW7
XP_002546048.1	C5M440
XP_002551177.1	C5MHC1
XP_002546233.1	C5M4M5
XP_002546635.1	C5MJ70
XP_002546681.1	C5MJB6
XP_002545958.1	C5M3U9
XP_002547215.1	C5M6P0
XP_712932.1	Q59TC4
XP_002548538.1	C5M8W3
XP_002549501.1	C5MDP6
XP_002547928.1	C5M9R3
XP_002549904.1	C5MDA0
XP_002550316.1	C5MEX1
XP_002550689.1	C5MFZ4
XP_002549615.1	C5MCG1
XP_002551274.1	C5MHM9
XP_002545752.1	C5M394
XP_002550304.1	C5MEV9
XP_002546457.1	C5MIP2
XP_002546534.1	C5MIW9
XP_002546586.1	C5MJ21
XP_002546440.1	C5MIM5
XP_002546127.1	C5M4B9
XP_002547679.1	C5M508
XP_002551456.1	C5MI61
XP_002546427.1	C5MIL2
XP_002549835.1	C5MD31
XP_002548217.1	C5M7Z2
XP_002550694.1	C5MFZ9
XP_002545250.1	C5M1U2
XP_002547526.1	C5M7K1
XP_002547023.1	C5M648
XP_002546047.1	C5M439
XP_002418726.1	B9WCA9
XP_002548303.1	C5M878
XP_002550808.1	C5MGB3
XP_002549953.1	C5MDE9
XP_002550246.1	C5MEQ1
XP_002548028.1	C5MA13
XP_002549074.1	C5MBC9
XP_002547718.1	C5M547
XP_002546106.1	C5M498
XP_002548740.1	C5MAE5
XP_002545376.1	C5M268
XP_001525782.1	A5DTA3
XP_002547480.1	C5M7F5
XP_002546742.1	C5MJH7
XP_002547638.1	C5M4W7
XP_002550835.1	C5MGE0
XP_002549267.1	C5MBX2
XP_002545860.1	C5M3K2
XP_002548649.1	C5M974
XP_002547655.1	C5M4Y4
XP_002546522.1	C5MIV7
XP_002550315.1	C5MEX0
XP_002548354.1	C5M8C9
XP_002545790.1	C5M3D2
XP_002549336.1	C5MC41
XP_002548467.1	C5M8P2
XP_002545640.1	C5M2Y2
XP_002550233.1	C5MEN8
XP_002545696.1	C5M338
XP_002549636.1	C5MCI2
XP_002547163.1	C5M6I8
XP_002549010.1	C5MB65
XP_002547929.1	C5M9R4
XP_002549131.1	C5MBI6
XP_001527888.1	A5DSS2
XP_002548836.1	C5MAP1
XP_002548951.1	C5MB06
XP_002545956.1	C5M3U8
XP_002545259.1	C5M1V1
XP_002548753.1	C5MAF8
XP_002551228.1	C5MHH2
XP_002545318.1	C5M210
XP_002549634.1	C5MCI0
XP_002547103.1	C5M6C8
XP_002548232.1	C5M807
XP_002548014.1	C5M9Z9
XP_002548316.1	C5M891
XP_002546173.1	C5M4G5
XP_002547049.1	C5M674
XP_002548407.1	C5M8I2
XP_002548825.1	C5MAN0
XP_002547761.1	C5M590
XP_002550846.1	C5MGF1
XP_002551048.1	C5MGZ2
XP_002551162.1	C5MHA6
XP_002549227.1	C5MBT2
XP_002548997.1	C5MB52
XP_002546866.1	C5M5P1
XP_002547614.1	C5M4U3
XP_002545869.1	C5M3L1
XP_002547248.1	C5M6S3
XP_002547726.1	C5M555
XP_002545317.1	C5M209
XP_002551238.1	C5MHI2
XP_002551190.1	C5MHD4
XP_002547760.1	C5M589
XP_002548374.1	C5M8E9
XP_002546512.1	C5MIU7
XP_002547517.1	C5M7J2
XP_002550528.1	C5MFI3
XP_002551241.1	C5MHI5
XP_002550464.1	C5MFB9
XP_002547048.1	C5M673
XP_002549665.1	C5MCL1
XP_002549185.1	C5MBP0
XP_002551273.1	C5MHM8
XP_002550445.1	C5MFA0
XP_002545739.1	C5M381
XP_002551141.1	C5MH85
XP_002548739.1	C5MAE4
XP_002545737.1	C5M379
XP_002548404.1	C5M8H9
XP_002547798.1	C5M5C7
XP_002546982.1	C5M607
XP_002545308.1	C5M200
XP_002546196.1	C5M4I8
XP_002547051.1	C5M676
XP_002546533.1	C5MIW8
XP_002551239.1	C5MHI3
XP_002545897.1	C5M3N9
XP_002547827.1	C5M9G2
XP_002547370.1	C5M745
XP_002547050.1	C5M675
XP_002550463.1	C5MFB8
XP_002548933.1	C5MAY8
XP_002547930.1	C5M9R5
XP_002549038.1	C5MB93
XP_002545955.1	C5M3U7
XP_002546174.1	C5M4G6
XP_002549072.1	C5MBC7
XP_002548476.1	C5M8Q1
XP_002422064.1	B9WLV3
XP_002548949.1	C5MB04
XP_002549049.1	C5MBA4
XP_002546093.1	C5M485
XP_002545466.1	C5M2F8
XP_002545632.1	C5M2X4
XP_002545792.1	C5M3D4
XP_002547598.1	C5M7S3
XP_002546049.1	C5M441
XP_002551181.1	C5MHC5
XP_002549772.1	C5MCW8
XP_002546768.1	C5MJK3
XP_002545657.1	C5M2Z9
XP_002550788.1	C5MG93
XP_721959.1	Q5AJX0
XP_002548790.1	C5MAJ5
XP_002551166.1	C5MHB0
XP_002549378.1	C5MC83
XP_002545375.1	C5M267
XP_002547052.1	C5M677
XP_002548066.1	C5MA51
